<!DOCTYPE html>

<html>
  <head>
  <meta charset='utf-8'>
  <title>TestNG reports</title>

    <link type="text/css" href="testng-reports1.css" rel="stylesheet" id="ultra" />
    <link type="text/css" href="testng-reports.css" rel="stylesheet" id="retro" disabled="false"/>
    <script type="text/javascript" src="jquery-3.6.0.min.js"></script>
    <script type="text/javascript" src="testng-reports.js"></script>
    <script type="text/javascript" src="https://www.google.com/jsapi"></script>
    <script type='text/javascript'>
      google.load('visualization', '1', {packages:['table']});
      google.setOnLoadCallback(drawTable);
      var suiteTableInitFunctions = new Array();
      var suiteTableData = new Array();
    </script>
    <!--
      <script type="text/javascript" src="jquery-ui/js/jquery-ui-1.8.16.custom.min.js"></script>
     -->
  </head>

  <body>    <div class="top-banner-root">
      <span class="top-banner-title-font">Test results</span>
      <button id="button" class="button">Switch Retro Theme</button> <!-- button -->
      <br/>
      <span class="top-banner-font-1">1 suite, 11 failed tests</span>
    </div> <!-- top-banner-root -->
    <div class="navigator-root">
      <div class="navigator-suite-header">
        <span>All suites</span>
        <a href="#" title="Collapse/expand all the suites" class="collapse-all-link">
          <img src="collapseall.gif" class="collapse-all-icon">
          </img> <!-- collapse-all-icon -->
        </a> <!-- collapse-all-link -->
      </div> <!-- navigator-suite-header -->
      <div class="suite">
        <div class="rounded-window">
          <div class="suite-header light-rounded-window-top">
            <a href="#" panel-name="suite-Automation_Suite" class="navigator-link">
              <span class="suite-name border-failed">Automation Suite</span>
            </a> <!-- navigator-link -->
          </div> <!-- suite-header light-rounded-window-top -->
          <div class="navigator-suite-content">
            <div class="suite-section-title">
              <span>Info</span>
            </div> <!-- suite-section-title -->
            <div class="suite-section-content">
              <ul>
                <li>
                  <a href="#" panel-name="test-xml-Automation_Suite" class="navigator-link ">
                    <span>testng.xml</span>
                  </a> <!-- navigator-link  -->
                </li>
                <li>
                  <a href="#" panel-name="testlist-Automation_Suite" class="navigator-link ">
                    <span class="test-stats">1 test</span>
                  </a> <!-- navigator-link  -->
                </li>
                <li>
                  <a href="#" panel-name="group-Automation_Suite" class="navigator-link ">
                    <span>0 groups</span>
                  </a> <!-- navigator-link  -->
                </li>
                <li>
                  <a href="#" panel-name="times-Automation_Suite" class="navigator-link ">
                    <span>Times</span>
                  </a> <!-- navigator-link  -->
                </li>
                <li>
                  <a href="#" panel-name="reporter-Automation_Suite" class="navigator-link ">
                    <span>Reporter output</span>
                  </a> <!-- navigator-link  -->
                </li>
                <li>
                  <a href="#" panel-name="ignored-methods-Automation_Suite" class="navigator-link ">
                    <span>Ignored methods</span>
                  </a> <!-- navigator-link  -->
                </li>
                <li>
                  <a href="#" panel-name="chronological-Automation_Suite" class="navigator-link ">
                    <span>Chronological view</span>
                  </a> <!-- navigator-link  -->
                </li>
              </ul>
            </div> <!-- suite-section-content -->
            <div class="result-section">
              <div class="suite-section-title">
                <span>Results</span>
              </div> <!-- suite-section-title -->
              <div class="suite-section-content">
                <ul>
                  <li>
                    <span class="method-stats">31 methods, 11 failed,  8 skipped,  12 passed</span>
                  </li>
                  <li>
                    <span class="method-list-title failed">Failed methods</span>
                    <span class="show-or-hide-methods failed">
                      <a href="#" panel-name="suite-Automation_Suite" class="hide-methods failed suite-Automation_Suite"> (hide)</a> <!-- hide-methods failed suite-Automation_Suite -->
                      <a href="#" panel-name="suite-Automation_Suite" class="show-methods failed suite-Automation_Suite"> (show)</a> <!-- show-methods failed suite-Automation_Suite -->
                    </span>
                    <div class="method-list-content failed suite-Automation_Suite">
                      <span>
                        <img src="failed.png" width="3%"/>
                        <a href="#" panel-name="suite-Automation_Suite" title="testCaseBestBuy.TC_03_SignInFunctionality" class="method navigator-link" hash-for-method="tc_03_SignInFunctionality(vino184@gmail.com, testingtesting, //div[text()=&#039;Sorry, something went wrong. Please try again.&#039;], S...)">tc_03_SignInFunctionality(vino184@gmail.com, testingtesting, //div[text()='Sorry, something went wrong. Please try again.'], S...)</a> <!-- method navigator-link -->
                      </span>
                      <br/>
                      <span>
                        <img src="failed.png" width="3%"/>
                        <a href="#" panel-name="suite-Automation_Suite" title="testCaseBestBuy.TC_03_SignInFunctionality" class="method navigator-link" hash-for-method="tc_03_SignInFunctionality(vino184@gmail.com, testing, //strong//div, We didn&#039;t find an account with that email address. Would ...)">tc_03_SignInFunctionality(vino184@gmail.com, testing, //strong//div, We didn't find an account with that email address. Would ...)</a> <!-- method navigator-link -->
                      </span>
                      <br/>
                      <span>
                        <img src="failed.png" width="3%"/>
                        <a href="#" panel-name="suite-Automation_Suite" title="testCaseBestBuy.TC_03_SignInFunctionality" class="method navigator-link" hash-for-method="tc_03_SignInFunctionality(vino18493@gmail.com, teting, //div[text()=&#039;The password was incorrect. Please try again.&#039;], The pass...)">tc_03_SignInFunctionality(vino18493@gmail.com, teting, //div[text()='The password was incorrect. Please try again.'], The pass...)</a> <!-- method navigator-link -->
                      </span>
                      <br/>
                      <span>
                        <img src="failed.png" width="3%"/>
                        <a href="#" panel-name="suite-Automation_Suite" title="testCaseBestBuy.TC_03_SignInFunctionality" class="method navigator-link" hash-for-method="tc_03_SignInFunctionality(vino18493@gmail.com, testingtesting, //span[text()=&#039;Hi, Test&#039;], Hi, Test)">tc_03_SignInFunctionality(vino18493@gmail.com, testingtesting, //span[text()='Hi, Test'], Hi, Test)</a> <!-- method navigator-link -->
                      </span>
                      <br/>
                      <span>
                        <img src="failed.png" width="3%"/>
                        <a href="#" panel-name="suite-Automation_Suite" title="testCaseBestBuy.TC_03_CreatAccountFunctionality" class="method navigator-link" hash-for-method="tc_03_validateCreatAccountFunctionality(test, t, vino18493@gmail.com, testingtesting, testingtesting, 9876543210, //strong[text()=&#039;Sorry, th...)">tc_03_validateCreatAccountFunctionality(test, t, vino18493@gmail.com, testingtesting, testingtesting, 9876543210, //strong[text()='Sorry, th...)</a> <!-- method navigator-link -->
                      </span>
                      <br/>
                      <span>
                        <img src="failed.png" width="3%"/>
                        <a href="#" panel-name="suite-Automation_Suite" title="testCaseBestBuy.TC_04_CheckTitleOfAllMenu" class="method navigator-link" hash-for-method="tc_04_CheckTitleOfAllMenu(Top Deals, Top Deals and Featured Offers on Electronics - Best Buy)">tc_04_CheckTitleOfAllMenu(Top Deals, Top Deals and Featured Offers on Electronics - Best Buy)</a> <!-- method navigator-link -->
                      </span>
                      <br/>
                      <span>
                        <img src="failed.png" width="3%"/>
                        <a href="#" panel-name="suite-Automation_Suite" title="testCaseBestBuy.TC_05_ValidateLinkInBottomOfHomePage" class="method navigator-link" hash-for-method="tc_05_validateLinkInBottomOfHomePage">tc_05_validateLinkInBottomOfHomePage</a> <!-- method navigator-link -->
                      </span>
                      <br/>
                      <span>
                        <img src="failed.png" width="3%"/>
                        <a href="#" panel-name="suite-Automation_Suite" title="testCaseBestBuy.TC_06_SearchAddItemInCart" class="method navigator-link" hash-for-method="tc_06_SearchAddItemInCart">tc_06_SearchAddItemInCart</a> <!-- method navigator-link -->
                      </span>
                      <br/>
                      <span>
                        <img src="failed.png" width="3%"/>
                        <a href="#" panel-name="suite-Automation_Suite" title="testCaseBestBuy.TC_07_SelAddItemShopByDeptMenu" class="method navigator-link" hash-for-method="tc_07_selAddItemShopByDeptMenu">tc_07_selAddItemShopByDeptMenu</a> <!-- method navigator-link -->
                      </span>
                      <br/>
                      <span>
                        <img src="failed.png" width="3%"/>
                        <a href="#" panel-name="suite-Automation_Suite" title="testCaseBestBuy.TC_08_SelAddItemShopByBrandMenu" class="method navigator-link" hash-for-method="tc_08_selAddItemShopByBrandMenu">tc_08_selAddItemShopByBrandMenu</a> <!-- method navigator-link -->
                      </span>
                      <br/>
                      <span>
                        <img src="failed.png" width="3%"/>
                        <a href="#" panel-name="suite-Automation_Suite" title="testCaseBestBuy.TC_09_CheckOutPageFilling" class="method navigator-link" hash-for-method="tc_09_CheckOutPageFilling">tc_09_CheckOutPageFilling</a> <!-- method navigator-link -->
                      </span>
                      <br/>
                    </div> <!-- method-list-content failed suite-Automation_Suite -->
                  </li>
                  <li>
                    <span class="method-list-title skipped">Skipped methods</span>
                    <span class="show-or-hide-methods skipped">
                      <a href="#" panel-name="suite-Automation_Suite" class="hide-methods skipped suite-Automation_Suite"> (hide)</a> <!-- hide-methods skipped suite-Automation_Suite -->
                      <a href="#" panel-name="suite-Automation_Suite" class="show-methods skipped suite-Automation_Suite"> (show)</a> <!-- show-methods skipped suite-Automation_Suite -->
                    </span>
                    <div class="method-list-content skipped suite-Automation_Suite">
                      <span>
                        <img src="skipped.png" width="3%"/>
                        <a href="#" panel-name="suite-Automation_Suite" title="testCaseBestBuy.TC_04_CheckTitleOfAllMenu" class="method navigator-link" hash-for-method="tc_04_CheckTitleOfAllMenu(Deal of the Day, Deal of the Day: Electronics Deals - Best Buy)">tc_04_CheckTitleOfAllMenu(Deal of the Day, Deal of the Day: Electronics Deals - Best Buy)</a> <!-- method navigator-link -->
                      </span>
                      <br/>
                      <span>
                        <img src="skipped.png" width="3%"/>
                        <a href="#" panel-name="suite-Automation_Suite" title="testCaseBestBuy.TC_04_CheckTitleOfAllMenu" class="method navigator-link" hash-for-method="tc_04_CheckTitleOfAllMenu(Health &amp; Wellness, Health &amp; Wellness Solutions &amp; Technology - Best Buy)">tc_04_CheckTitleOfAllMenu(Health & Wellness, Health & Wellness Solutions & Technology - Best Buy)</a> <!-- method navigator-link -->
                      </span>
                      <br/>
                      <span>
                        <img src="skipped.png" width="3%"/>
                        <a href="#" panel-name="suite-Automation_Suite" title="testCaseBestBuy.TC_04_CheckTitleOfAllMenu" class="method navigator-link" hash-for-method="tc_04_CheckTitleOfAllMenu(Credit Cards, Best Buy Credit Card: Rewards &amp; Financing)">tc_04_CheckTitleOfAllMenu(Credit Cards, Best Buy Credit Card: Rewards & Financing)</a> <!-- method navigator-link -->
                      </span>
                      <br/>
                      <span>
                        <img src="skipped.png" width="3%"/>
                        <a href="#" panel-name="suite-Automation_Suite" title="testCaseBestBuy.TC_04_CheckTitleOfAllMenu" class="method navigator-link" hash-for-method="tc_04_CheckTitleOfAllMenu(Gift Ideas, Gift Ideas 2023: Best Gifts to Give This Year - Best Buy)">tc_04_CheckTitleOfAllMenu(Gift Ideas, Gift Ideas 2023: Best Gifts to Give This Year - Best Buy)</a> <!-- method navigator-link -->
                      </span>
                      <br/>
                      <span>
                        <img src="skipped.png" width="3%"/>
                        <a href="#" panel-name="suite-Automation_Suite" title="testCaseBestBuy.TC_04_CheckTitleOfAllMenu" class="method navigator-link" hash-for-method="tc_04_CheckTitleOfAllMenu(Best Buy Outlet, Best Buy Outlet: Clearance Electronics Outlet Store – Best Buy)">tc_04_CheckTitleOfAllMenu(Best Buy Outlet, Best Buy Outlet: Clearance Electronics Outlet Store – Best Buy)</a> <!-- method navigator-link -->
                      </span>
                      <br/>
                      <span>
                        <img src="skipped.png" width="3%"/>
                        <a href="#" panel-name="suite-Automation_Suite" title="testCaseBestBuy.TC_04_CheckTitleOfAllMenu" class="method navigator-link" hash-for-method="tc_04_CheckTitleOfAllMenu(Gift Cards, Gifts Cards and E-Gift Cards - Best Buy)">tc_04_CheckTitleOfAllMenu(Gift Cards, Gifts Cards and E-Gift Cards - Best Buy)</a> <!-- method navigator-link -->
                      </span>
                      <br/>
                      <span>
                        <img src="skipped.png" width="3%"/>
                        <a href="#" panel-name="suite-Automation_Suite" title="testCaseBestBuy.TC_04_CheckTitleOfAllMenu" class="method navigator-link" hash-for-method="tc_04_CheckTitleOfAllMenu(Best Buy Business, Best Buy for Business - Best Buy)">tc_04_CheckTitleOfAllMenu(Best Buy Business, Best Buy for Business - Best Buy)</a> <!-- method navigator-link -->
                      </span>
                      <br/>
                      <span>
                        <img src="skipped.png" width="3%"/>
                        <a href="#" panel-name="suite-Automation_Suite" title="testCaseBestBuy.TC_04_CheckTitleOfAllMenu" class="method navigator-link" hash-for-method="tc_04_CheckTitleOfAllMenu(Totaltech Membership, Best Buy Totaltech™ – Best Buy)">tc_04_CheckTitleOfAllMenu(Totaltech Membership, Best Buy Totaltech™ – Best Buy)</a> <!-- method navigator-link -->
                      </span>
                      <br/>
                    </div> <!-- method-list-content skipped suite-Automation_Suite -->
                  </li>
                  <li>
                    <span class="method-list-title passed">Passed methods</span>
                    <span class="show-or-hide-methods passed">
                      <a href="#" panel-name="suite-Automation_Suite" class="hide-methods passed suite-Automation_Suite"> (hide)</a> <!-- hide-methods passed suite-Automation_Suite -->
                      <a href="#" panel-name="suite-Automation_Suite" class="show-methods passed suite-Automation_Suite"> (show)</a> <!-- show-methods passed suite-Automation_Suite -->
                    </span>
                    <div class="method-list-content passed suite-Automation_Suite">
                      <span>
                        <img src="passed.png" width="3%"/>
                        <a href="#" panel-name="suite-Automation_Suite" title="testCaseBestBuy.TC_01_navgatingToBestBestApp" class="method navigator-link" hash-for-method="tc_01_navgatingToBestBestApp">tc_01_navgatingToBestBestApp</a> <!-- method navigator-link -->
                      </span>
                      <br/>
                      <span>
                        <img src="passed.png" width="3%"/>
                        <a href="#" panel-name="suite-Automation_Suite" title="testCaseBestBuy.TC_02_ValidateUrlIsNotBroken" class="method navigator-link" hash-for-method="tc_02_validateUrlIsNotBroken">tc_02_validateUrlIsNotBroken</a> <!-- method navigator-link -->
                      </span>
                      <br/>
                      <span>
                        <img src="passed.png" width="3%"/>
                        <a href="#" panel-name="suite-Automation_Suite" title="testCaseBestBuy.TC_03_CreatAccountFunctionality" class="method navigator-link" hash-for-method="tc_03_validateCreatAccountFunctionality(test, t, vino18493.com, testingtesting, testingtesting, 9.87654321E9, //p[text()=&#039;Please enter a val...)">tc_03_validateCreatAccountFunctionality(test, t, vino18493.com, testingtesting, testingtesting, 9.87654321E9, //p[text()='Please enter a val...)</a> <!-- method navigator-link -->
                      </span>
                      <br/>
                      <span>
                        <img src="passed.png" width="3%"/>
                        <a href="#" panel-name="suite-Automation_Suite" title="testCaseBestBuy.TC_03_CreatAccountFunctionality" class="method navigator-link" hash-for-method="tc_03_validateCreatAccountFunctionality(test, t, vino18493@gmail.com, test, test, 9.87654321E9, //p[text()=&#039;Please enter a strong password.&#039;...)">tc_03_validateCreatAccountFunctionality(test, t, vino18493@gmail.com, test, test, 9.87654321E9, //p[text()='Please enter a strong password.'...)</a> <!-- method navigator-link -->
                      </span>
                      <br/>
                      <span>
                        <img src="passed.png" width="3%"/>
                        <a href="#" panel-name="suite-Automation_Suite" title="testCaseBestBuy.TC_03_CreatAccountFunctionality" class="method navigator-link" hash-for-method="tc_03_validateCreatAccountFunctionality(, t, vino18493@gmail.com, testingtesting, testingtesting, 9.87654321E9, //p[text()=&#039;Please enter you...)">tc_03_validateCreatAccountFunctionality(, t, vino18493@gmail.com, testingtesting, testingtesting, 9.87654321E9, //p[text()='Please enter you...)</a> <!-- method navigator-link -->
                      </span>
                      <br/>
                      <span>
                        <img src="passed.png" width="3%"/>
                        <a href="#" panel-name="suite-Automation_Suite" title="testCaseBestBuy.TC_03_CreatAccountFunctionality" class="method navigator-link" hash-for-method="tc_03_validateCreatAccountFunctionality(test, t, vino18493@gmail.com, testingtesting, , 9.87654321E9, //p[text()=&#039;Passwords do not match.&#039;],...)">tc_03_validateCreatAccountFunctionality(test, t, vino18493@gmail.com, testingtesting, , 9.87654321E9, //p[text()='Passwords do not match.'],...)</a> <!-- method navigator-link -->
                      </span>
                      <br/>
                      <span>
                        <img src="passed.png" width="3%"/>
                        <a href="#" panel-name="suite-Automation_Suite" title="testCaseBestBuy.TC_03_CreatAccountFunctionality" class="method navigator-link" hash-for-method="tc_03_validateCreatAccountFunctionality(test, t, vino18493@gmail.com, , , 9.87654321E9, //p[text()=&#039;Please enter a strong password.&#039;], Pleas...)">tc_03_validateCreatAccountFunctionality(test, t, vino18493@gmail.com, , , 9.87654321E9, //p[text()='Please enter a strong password.'], Pleas...)</a> <!-- method navigator-link -->
                      </span>
                      <br/>
                      <span>
                        <img src="passed.png" width="3%"/>
                        <a href="#" panel-name="suite-Automation_Suite" title="testCaseBestBuy.TC_03_CreatAccountFunctionality" class="method navigator-link" hash-for-method="tc_03_validateCreatAccountFunctionality(test, t, vino18493@gmail.com, testingtesting, testingtesting, 98765qwert, //p[text()=&#039;Please enter a...)">tc_03_validateCreatAccountFunctionality(test, t, vino18493@gmail.com, testingtesting, testingtesting, 98765qwert, //p[text()='Please enter a...)</a> <!-- method navigator-link -->
                      </span>
                      <br/>
                      <span>
                        <img src="passed.png" width="3%"/>
                        <a href="#" panel-name="suite-Automation_Suite" title="testCaseBestBuy.TC_03_CreatAccountFunctionality" class="method navigator-link" hash-for-method="tc_03_validateCreatAccountFunctionality(test, t, vino18493@gmail.com, testingtesting, testingtesting, qwertyuiop, //p[text()=&#039;Please enter a...)">tc_03_validateCreatAccountFunctionality(test, t, vino18493@gmail.com, testingtesting, testingtesting, qwertyuiop, //p[text()='Please enter a...)</a> <!-- method navigator-link -->
                      </span>
                      <br/>
                      <span>
                        <img src="passed.png" width="3%"/>
                        <a href="#" panel-name="suite-Automation_Suite" title="testCaseBestBuy.TC_03_CreatAccountFunctionality" class="method navigator-link" hash-for-method="tc_03_validateCreatAccountFunctionality(test, t, vino18493@gmail.com, testingtesting, testingtesting, 987654321, //p[text()=&#039;Please enter a ...)">tc_03_validateCreatAccountFunctionality(test, t, vino18493@gmail.com, testingtesting, testingtesting, 987654321, //p[text()='Please enter a ...)</a> <!-- method navigator-link -->
                      </span>
                      <br/>
                      <span>
                        <img src="passed.png" width="3%"/>
                        <a href="#" panel-name="suite-Automation_Suite" title="testCaseBestBuy.TC_03_CreatAccountFunctionality" class="method navigator-link" hash-for-method="tc_03_validateCreatAccountFunctionality(test, , vino18493@gmail.com, testingtesting, testingtesting, 9.87654321E9, //p[text()=&#039;Please enter ...)">tc_03_validateCreatAccountFunctionality(test, , vino18493@gmail.com, testingtesting, testingtesting, 9.87654321E9, //p[text()='Please enter ...)</a> <!-- method navigator-link -->
                      </span>
                      <br/>
                      <span>
                        <img src="passed.png" width="3%"/>
                        <a href="#" panel-name="suite-Automation_Suite" title="testCaseBestBuy.TC_03_CreatAccountFunctionality" class="method navigator-link" hash-for-method="tc_03_validateCreatAccountFunctionality(test, t, vino18493@gmail.com, , testingtesting, 9.87654321E9, //p[text()=&#039;Passwords do not match.&#039;],...)">tc_03_validateCreatAccountFunctionality(test, t, vino18493@gmail.com, , testingtesting, 9.87654321E9, //p[text()='Passwords do not match.'],...)</a> <!-- method navigator-link -->
                      </span>
                      <br/>
                    </div> <!-- method-list-content passed suite-Automation_Suite -->
                  </li>
                </ul>
              </div> <!-- suite-section-content -->
            </div> <!-- result-section -->
          </div> <!-- navigator-suite-content -->
        </div> <!-- rounded-window -->
      </div> <!-- suite -->
    </div> <!-- navigator-root -->
    <div class="wrapper">
      <div class="main-panel-root">
        <div panel-name="suite-Automation_Suite" class="panel Automation_Suite">
          <div class="suite-Automation_Suite-class-failed">
            <div class="main-panel-header rounded-window-top">
              <img src="failed.png"/>
              <span class="class-name">testCaseBestBuy.TC_05_ValidateLinkInBottomOfHomePage</span>
            </div> <!-- main-panel-header rounded-window-top -->
            <div class="main-panel-content rounded-window-bottom">
              <div class="method">
                <div class="method-content">
                  <a name="tc_05_validateLinkInBottomOfHomePage">
                  </a> <!-- tc_05_validateLinkInBottomOfHomePage -->
                  <span class="method-name">tc_05_validateLinkInBottomOfHomePage</span>
                  <div class="stack-trace">org.openqa.selenium.TimeoutException: Expected condition failed: waiting for element to be clickable: Proxy element for: DefaultElementLocator &apos;By.className: us-link&apos; (tried for 10 second(s) with 500 milliseconds interval)
	at org.openqa.selenium.support.ui.WebDriverWait.timeoutException(WebDriverWait.java:84)
	at org.openqa.selenium.support.ui.FluentWait.until(FluentWait.java:229)
	at pagesBestBuy.LocationPageBB.deliveryAtUSA(LocationPageBB.java:43)
	at testCaseBestBuy.TC_05_ValidateLinkInBottomOfHomePage.tc_05_validateLinkInBottomOfHomePage(TC_05_ValidateLinkInBottomOfHomePage.java:25)
	at java.base/java.util.ArrayList.forEach(ArrayList.java:1596)
Caused by: org.openqa.selenium.NoSuchElementException: no such element: Unable to locate element: {&quot;method&quot;:&quot;css selector&quot;,&quot;selector&quot;:&quot;.us\-link&quot;}
  (Session info: chrome=139.0.7258.155)
For documentation on this error, please visit: https://www.selenium.dev/documentation/webdriver/troubleshooting/errors#no-such-element-exception
Build info: version: &apos;4.15.0&apos;, revision: &apos;1d14b5521b&apos;
System info: os.name: &apos;Mac OS X&apos;, os.arch: &apos;aarch64&apos;, os.version: &apos;15.6.1&apos;, java.version: &apos;21.0.7&apos;
Driver info: org.openqa.selenium.chrome.ChromeDriver
Command: [8528a5a41cbcdc6ad4334cce25452e77, findElement {using=class name, value=us-link}]
Capabilities {acceptInsecureCerts: false, browserName: chrome, browserVersion: 139.0.7258.155, chrome: {chromedriverVersion: 139.0.7258.154 (9e0d6b2b47f..., userDataDir: /var/folders/pq/7sg3jjwj15z...}, fedcm:accounts: true, goog:chromeOptions: {debuggerAddress: localhost:55623}, networkConnectionEnabled: false, pageLoadStrategy: normal, platformName: mac, proxy: Proxy(), se:cdp: ws://localhost:55623/devtoo..., se:cdpVersion: 139.0.7258.155, setWindowRect: true, strictFileInteractability: false, timeouts: {implicit: 0, pageLoad: 300000, script: 30000}, unhandledPromptBehavior: dismiss and notify, webauthn:extension:credBlob: true, webauthn:extension:largeBlob: true, webauthn:extension:minPinLength: true, webauthn:extension:prf: true, webauthn:virtualAuthenticators: true}
Session ID: 8528a5a41cbcdc6ad4334cce25452e77
	at org.openqa.selenium.remote.codec.w3c.W3CHttpResponseCodec.createException(W3CHttpResponseCodec.java:200)
	at org.openqa.selenium.remote.codec.w3c.W3CHttpResponseCodec.decode(W3CHttpResponseCodec.java:133)
	at org.openqa.selenium.remote.codec.w3c.W3CHttpResponseCodec.decode(W3CHttpResponseCodec.java:52)
	at org.openqa.selenium.remote.HttpCommandExecutor.execute(HttpCommandExecutor.java:191)
	at org.openqa.selenium.remote.service.DriverCommandExecutor.invokeExecute(DriverCommandExecutor.java:200)
	at org.openqa.selenium.remote.service.DriverCommandExecutor.execute(DriverCommandExecutor.java:175)
	at org.openqa.selenium.remote.RemoteWebDriver.execute(RemoteWebDriver.java:607)
	at org.openqa.selenium.remote.ElementLocation$ElementFinder$2.findElement(ElementLocation.java:165)
	at org.openqa.selenium.remote.ElementLocation.findElement(ElementLocation.java:66)
	at org.openqa.selenium.remote.RemoteWebDriver.findElement(RemoteWebDriver.java:364)
	at org.openqa.selenium.remote.RemoteWebDriver.findElement(RemoteWebDriver.java:358)
	at org.openqa.selenium.support.pagefactory.DefaultElementLocator.findElement(DefaultElementLocator.java:68)
	at org.openqa.selenium.support.pagefactory.internal.LocatingElementHandler.invoke(LocatingElementHandler.java:38)
	at jdk.proxy2/jdk.proxy2.$Proxy18.isDisplayed(Unknown Source)
	at org.openqa.selenium.support.ui.ExpectedConditions.elementIfVisible(ExpectedConditions.java:304)
	at org.openqa.selenium.support.ui.ExpectedConditions$10.apply(ExpectedConditions.java:290)
	at org.openqa.selenium.support.ui.ExpectedConditions$10.apply(ExpectedConditions.java:287)
	at org.openqa.selenium.support.ui.ExpectedConditions$23.apply(ExpectedConditions.java:656)
	at org.openqa.selenium.support.ui.ExpectedConditions$23.apply(ExpectedConditions.java:652)
	at org.openqa.selenium.support.ui.FluentWait.until(FluentWait.java:204)
	... 28 more
... Removed 28 stack frames
</div> <!-- stack-trace -->
                </div> <!-- method-content -->
              </div> <!-- method -->
            </div> <!-- main-panel-content rounded-window-bottom -->
          </div> <!-- suite-Automation_Suite-class-failed -->
          <div class="suite-Automation_Suite-class-failed">
            <div class="main-panel-header rounded-window-top">
              <img src="failed.png"/>
              <span class="class-name">testCaseBestBuy.TC_07_SelAddItemShopByDeptMenu</span>
            </div> <!-- main-panel-header rounded-window-top -->
            <div class="main-panel-content rounded-window-bottom">
              <div class="method">
                <div class="method-content">
                  <a name="tc_07_selAddItemShopByDeptMenu">
                  </a> <!-- tc_07_selAddItemShopByDeptMenu -->
                  <span class="method-name">tc_07_selAddItemShopByDeptMenu</span>
                  <div class="stack-trace">org.openqa.selenium.TimeoutException: Expected condition failed: waiting for element to be clickable: Proxy element for: DefaultElementLocator &apos;By.xpath: //button[@data-lid=&apos;ubr_tv&apos;]&apos; (tried for 20 second(s) with 500 milliseconds interval)
	at org.openqa.selenium.support.ui.WebDriverWait.timeoutException(WebDriverWait.java:84)
	at org.openqa.selenium.support.ui.FluentWait.until(FluentWait.java:229)
	at baseBestBuy.BaseClassBB.clickOn(BaseClassBB.java:224)
	at pagesBestBuy.HomePageBB.selectTvMenuInHomePage(HomePageBB.java:132)
	at testCaseBestBuy.TC_07_SelAddItemShopByDeptMenu.tc_07_selAddItemShopByDeptMenu(TC_07_SelAddItemShopByDeptMenu.java:30)
	at java.base/java.util.ArrayList.forEach(ArrayList.java:1596)
Caused by: org.openqa.selenium.NoSuchElementException: no such element: Unable to locate element: {&quot;method&quot;:&quot;xpath&quot;,&quot;selector&quot;:&quot;//button[@data-lid=&apos;ubr_tv&apos;]&quot;}
  (Session info: chrome=139.0.7258.155)
For documentation on this error, please visit: https://www.selenium.dev/documentation/webdriver/troubleshooting/errors#no-such-element-exception
Build info: version: &apos;4.15.0&apos;, revision: &apos;1d14b5521b&apos;
System info: os.name: &apos;Mac OS X&apos;, os.arch: &apos;aarch64&apos;, os.version: &apos;15.6.1&apos;, java.version: &apos;21.0.7&apos;
Driver info: org.openqa.selenium.chrome.ChromeDriver
Command: [188019836a05312c9bcb1dc65176d7bc, findElement {using=xpath, value=//button[@data-lid=&apos;ubr_tv&apos;]}]
Capabilities {acceptInsecureCerts: false, browserName: chrome, browserVersion: 139.0.7258.155, chrome: {chromedriverVersion: 139.0.7258.154 (9e0d6b2b47f..., userDataDir: /var/folders/pq/7sg3jjwj15z...}, fedcm:accounts: true, goog:chromeOptions: {debuggerAddress: localhost:55853}, networkConnectionEnabled: false, pageLoadStrategy: normal, platformName: mac, proxy: Proxy(), se:cdp: ws://localhost:55853/devtoo..., se:cdpVersion: 139.0.7258.155, setWindowRect: true, strictFileInteractability: false, timeouts: {implicit: 0, pageLoad: 300000, script: 30000}, unhandledPromptBehavior: dismiss and notify, webauthn:extension:credBlob: true, webauthn:extension:largeBlob: true, webauthn:extension:minPinLength: true, webauthn:extension:prf: true, webauthn:virtualAuthenticators: true}
Session ID: 188019836a05312c9bcb1dc65176d7bc
	at org.openqa.selenium.remote.codec.w3c.W3CHttpResponseCodec.createException(W3CHttpResponseCodec.java:200)
	at org.openqa.selenium.remote.codec.w3c.W3CHttpResponseCodec.decode(W3CHttpResponseCodec.java:133)
	at org.openqa.selenium.remote.codec.w3c.W3CHttpResponseCodec.decode(W3CHttpResponseCodec.java:52)
	at org.openqa.selenium.remote.HttpCommandExecutor.execute(HttpCommandExecutor.java:191)
	at org.openqa.selenium.remote.service.DriverCommandExecutor.invokeExecute(DriverCommandExecutor.java:200)
	at org.openqa.selenium.remote.service.DriverCommandExecutor.execute(DriverCommandExecutor.java:175)
	at org.openqa.selenium.remote.RemoteWebDriver.execute(RemoteWebDriver.java:607)
	at org.openqa.selenium.remote.ElementLocation$ElementFinder$2.findElement(ElementLocation.java:165)
	at org.openqa.selenium.remote.ElementLocation.findElement(ElementLocation.java:59)
	at org.openqa.selenium.remote.RemoteWebDriver.findElement(RemoteWebDriver.java:364)
	at org.openqa.selenium.remote.RemoteWebDriver.findElement(RemoteWebDriver.java:358)
	at org.openqa.selenium.support.pagefactory.DefaultElementLocator.findElement(DefaultElementLocator.java:68)
	at org.openqa.selenium.support.pagefactory.internal.LocatingElementHandler.invoke(LocatingElementHandler.java:38)
	at jdk.proxy2/jdk.proxy2.$Proxy18.isDisplayed(Unknown Source)
	at org.openqa.selenium.support.ui.ExpectedConditions.elementIfVisible(ExpectedConditions.java:304)
	at org.openqa.selenium.support.ui.ExpectedConditions$10.apply(ExpectedConditions.java:290)
	at org.openqa.selenium.support.ui.ExpectedConditions$10.apply(ExpectedConditions.java:287)
	at org.openqa.selenium.support.ui.ExpectedConditions$23.apply(ExpectedConditions.java:656)
	at org.openqa.selenium.support.ui.ExpectedConditions$23.apply(ExpectedConditions.java:652)
	at org.openqa.selenium.support.ui.FluentWait.until(FluentWait.java:204)
	... 29 more
... Removed 28 stack frames
</div> <!-- stack-trace -->
                </div> <!-- method-content -->
              </div> <!-- method -->
            </div> <!-- main-panel-content rounded-window-bottom -->
          </div> <!-- suite-Automation_Suite-class-failed -->
          <div class="suite-Automation_Suite-class-failed">
            <div class="main-panel-header rounded-window-top">
              <img src="failed.png"/>
              <span class="class-name">testCaseBestBuy.TC_08_SelAddItemShopByBrandMenu</span>
            </div> <!-- main-panel-header rounded-window-top -->
            <div class="main-panel-content rounded-window-bottom">
              <div class="method">
                <div class="method-content">
                  <a name="tc_08_selAddItemShopByBrandMenu">
                  </a> <!-- tc_08_selAddItemShopByBrandMenu -->
                  <span class="method-name">tc_08_selAddItemShopByBrandMenu</span>
                  <div class="stack-trace">org.openqa.selenium.TimeoutException: Expected condition failed: waiting for visibility of Proxy element for: DefaultElementLocator &apos;By.xpath: //a[contains(text(),&apos;Lenovo - ThinkPad E15 Gen 4 15.6&quot; Notebook - AMD Ryzen 5 5625U - 16GB Memory - 512GB SSD - Gray&apos;)]&apos; (tried for 20 second(s) with 500 milliseconds interval)
	at org.openqa.selenium.support.ui.WebDriverWait.timeoutException(WebDriverWait.java:84)
	at org.openqa.selenium.support.ui.FluentWait.until(FluentWait.java:229)
	at utilsBestBuy.UtilsBB.waitExplicit(UtilsBB.java:86)
	at utilsBestBuy.UtilsBB.jsClickOn(UtilsBB.java:184)
	at pagesBestBuy.ProductPageBB.addLenovoThinkPadInProdPage(ProductPageBB.java:79)
	at testCaseBestBuy.TC_08_SelAddItemShopByBrandMenu.tc_08_selAddItemShopByBrandMenu(TC_08_SelAddItemShopByBrandMenu.java:32)
	at java.base/java.util.ArrayList.forEach(ArrayList.java:1596)
Caused by: org.openqa.selenium.NoSuchElementException: no such element: Unable to locate element: {&quot;method&quot;:&quot;xpath&quot;,&quot;selector&quot;:&quot;//a[contains(text(),&apos;Lenovo - ThinkPad E15 Gen 4 15.6&quot; Notebook - AMD Ryzen 5 5625U - 16GB Memory - 512GB SSD - Gray&apos;)]&quot;}
  (Session info: chrome=139.0.7258.155)
For documentation on this error, please visit: https://www.selenium.dev/documentation/webdriver/troubleshooting/errors#no-such-element-exception
Build info: version: &apos;4.15.0&apos;, revision: &apos;1d14b5521b&apos;
System info: os.name: &apos;Mac OS X&apos;, os.arch: &apos;aarch64&apos;, os.version: &apos;15.6.1&apos;, java.version: &apos;21.0.7&apos;
Driver info: org.openqa.selenium.chrome.ChromeDriver
Command: [53c1a9b9e5bcd69129d4aa0afd56fded, findElement {using=xpath, value=//a[contains(text(),&apos;Lenovo - ThinkPad E15 Gen 4 15.6&quot; Notebook - AMD Ryzen 5 5625U - 16GB Memory - 512GB SSD - Gray&apos;)]}]
Capabilities {acceptInsecureCerts: false, browserName: chrome, browserVersion: 139.0.7258.155, chrome: {chromedriverVersion: 139.0.7258.154 (9e0d6b2b47f..., userDataDir: /var/folders/pq/7sg3jjwj15z...}, fedcm:accounts: true, goog:chromeOptions: {debuggerAddress: localhost:55984}, networkConnectionEnabled: false, pageLoadStrategy: normal, platformName: mac, proxy: Proxy(), se:cdp: ws://localhost:55984/devtoo..., se:cdpVersion: 139.0.7258.155, setWindowRect: true, strictFileInteractability: false, timeouts: {implicit: 0, pageLoad: 300000, script: 30000}, unhandledPromptBehavior: dismiss and notify, webauthn:extension:credBlob: true, webauthn:extension:largeBlob: true, webauthn:extension:minPinLength: true, webauthn:extension:prf: true, webauthn:virtualAuthenticators: true}
Session ID: 53c1a9b9e5bcd69129d4aa0afd56fded
	at org.openqa.selenium.remote.codec.w3c.W3CHttpResponseCodec.createException(W3CHttpResponseCodec.java:200)
	at org.openqa.selenium.remote.codec.w3c.W3CHttpResponseCodec.decode(W3CHttpResponseCodec.java:133)
	at org.openqa.selenium.remote.codec.w3c.W3CHttpResponseCodec.decode(W3CHttpResponseCodec.java:52)
	at org.openqa.selenium.remote.HttpCommandExecutor.execute(HttpCommandExecutor.java:191)
	at org.openqa.selenium.remote.service.DriverCommandExecutor.invokeExecute(DriverCommandExecutor.java:200)
	at org.openqa.selenium.remote.service.DriverCommandExecutor.execute(DriverCommandExecutor.java:175)
	at org.openqa.selenium.remote.RemoteWebDriver.execute(RemoteWebDriver.java:607)
	at org.openqa.selenium.remote.ElementLocation$ElementFinder$2.findElement(ElementLocation.java:165)
	at org.openqa.selenium.remote.ElementLocation.findElement(ElementLocation.java:59)
	at org.openqa.selenium.remote.RemoteWebDriver.findElement(RemoteWebDriver.java:364)
	at org.openqa.selenium.remote.RemoteWebDriver.findElement(RemoteWebDriver.java:358)
	at org.openqa.selenium.support.pagefactory.DefaultElementLocator.findElement(DefaultElementLocator.java:68)
	at org.openqa.selenium.support.pagefactory.internal.LocatingElementHandler.invoke(LocatingElementHandler.java:38)
	at jdk.proxy2/jdk.proxy2.$Proxy18.isDisplayed(Unknown Source)
	at org.openqa.selenium.support.ui.ExpectedConditions.elementIfVisible(ExpectedConditions.java:304)
	at org.openqa.selenium.support.ui.ExpectedConditions$10.apply(ExpectedConditions.java:290)
	at org.openqa.selenium.support.ui.ExpectedConditions$10.apply(ExpectedConditions.java:287)
	at org.openqa.selenium.support.ui.FluentWait.until(FluentWait.java:204)
	... 30 more
... Removed 28 stack frames
</div> <!-- stack-trace -->
                </div> <!-- method-content -->
              </div> <!-- method -->
            </div> <!-- main-panel-content rounded-window-bottom -->
          </div> <!-- suite-Automation_Suite-class-failed -->
          <div class="suite-Automation_Suite-class-failed">
            <div class="main-panel-header rounded-window-top">
              <img src="failed.png"/>
              <span class="class-name">testCaseBestBuy.TC_06_SearchAddItemInCart</span>
            </div> <!-- main-panel-header rounded-window-top -->
            <div class="main-panel-content rounded-window-bottom">
              <div class="method">
                <div class="method-content">
                  <a name="tc_06_SearchAddItemInCart">
                  </a> <!-- tc_06_SearchAddItemInCart -->
                  <span class="method-name">tc_06_SearchAddItemInCart</span>
                  <div class="stack-trace">org.openqa.selenium.TimeoutException: Expected condition failed: waiting for visibility of Proxy element for: DefaultElementLocator &apos;By.id: gh-search-input&apos; (tried for 20 second(s) with 500 milliseconds interval)
	at org.openqa.selenium.support.ui.WebDriverWait.timeoutException(WebDriverWait.java:84)
	at org.openqa.selenium.support.ui.FluentWait.until(FluentWait.java:229)
	at utilsBestBuy.UtilsBB.waitExplicit(UtilsBB.java:86)
	at utilsBestBuy.UtilsBB.type(UtilsBB.java:112)
	at pagesBestBuy.HomePageBB.searchProduct(HomePageBB.java:120)
	at testCaseBestBuy.TC_06_SearchAddItemInCart.tc_06_SearchAddItemInCart(TC_06_SearchAddItemInCart.java:30)
	at java.base/java.util.ArrayList.forEach(ArrayList.java:1596)
Caused by: org.openqa.selenium.NoSuchElementException: no such element: Unable to locate element: {&quot;method&quot;:&quot;css selector&quot;,&quot;selector&quot;:&quot;#gh\-search\-input&quot;}
  (Session info: chrome=139.0.7258.155)
For documentation on this error, please visit: https://www.selenium.dev/documentation/webdriver/troubleshooting/errors#no-such-element-exception
Build info: version: &apos;4.15.0&apos;, revision: &apos;1d14b5521b&apos;
System info: os.name: &apos;Mac OS X&apos;, os.arch: &apos;aarch64&apos;, os.version: &apos;15.6.1&apos;, java.version: &apos;21.0.7&apos;
Driver info: org.openqa.selenium.chrome.ChromeDriver
Command: [2bdb71b34bcde0bbec5fcfd6faf67554, findElement {using=id, value=gh-search-input}]
Capabilities {acceptInsecureCerts: false, browserName: chrome, browserVersion: 139.0.7258.155, chrome: {chromedriverVersion: 139.0.7258.154 (9e0d6b2b47f..., userDataDir: /var/folders/pq/7sg3jjwj15z...}, fedcm:accounts: true, goog:chromeOptions: {debuggerAddress: localhost:55738}, networkConnectionEnabled: false, pageLoadStrategy: normal, platformName: mac, proxy: Proxy(), se:cdp: ws://localhost:55738/devtoo..., se:cdpVersion: 139.0.7258.155, setWindowRect: true, strictFileInteractability: false, timeouts: {implicit: 0, pageLoad: 300000, script: 30000}, unhandledPromptBehavior: dismiss and notify, webauthn:extension:credBlob: true, webauthn:extension:largeBlob: true, webauthn:extension:minPinLength: true, webauthn:extension:prf: true, webauthn:virtualAuthenticators: true}
Session ID: 2bdb71b34bcde0bbec5fcfd6faf67554
	at org.openqa.selenium.remote.codec.w3c.W3CHttpResponseCodec.createException(W3CHttpResponseCodec.java:200)
	at org.openqa.selenium.remote.codec.w3c.W3CHttpResponseCodec.decode(W3CHttpResponseCodec.java:133)
	at org.openqa.selenium.remote.codec.w3c.W3CHttpResponseCodec.decode(W3CHttpResponseCodec.java:52)
	at org.openqa.selenium.remote.HttpCommandExecutor.execute(HttpCommandExecutor.java:191)
	at org.openqa.selenium.remote.service.DriverCommandExecutor.invokeExecute(DriverCommandExecutor.java:200)
	at org.openqa.selenium.remote.service.DriverCommandExecutor.execute(DriverCommandExecutor.java:175)
	at org.openqa.selenium.remote.RemoteWebDriver.execute(RemoteWebDriver.java:607)
	at org.openqa.selenium.remote.ElementLocation$ElementFinder$2.findElement(ElementLocation.java:165)
	at org.openqa.selenium.remote.ElementLocation.findElement(ElementLocation.java:59)
	at org.openqa.selenium.remote.RemoteWebDriver.findElement(RemoteWebDriver.java:364)
	at org.openqa.selenium.remote.RemoteWebDriver.findElement(RemoteWebDriver.java:358)
	at org.openqa.selenium.support.pagefactory.DefaultElementLocator.findElement(DefaultElementLocator.java:68)
	at org.openqa.selenium.support.pagefactory.internal.LocatingElementHandler.invoke(LocatingElementHandler.java:38)
	at jdk.proxy2/jdk.proxy2.$Proxy18.isDisplayed(Unknown Source)
	at org.openqa.selenium.support.ui.ExpectedConditions.elementIfVisible(ExpectedConditions.java:304)
	at org.openqa.selenium.support.ui.ExpectedConditions$10.apply(ExpectedConditions.java:290)
	at org.openqa.selenium.support.ui.ExpectedConditions$10.apply(ExpectedConditions.java:287)
	at org.openqa.selenium.support.ui.FluentWait.until(FluentWait.java:204)
	... 30 more
... Removed 28 stack frames
</div> <!-- stack-trace -->
                </div> <!-- method-content -->
              </div> <!-- method -->
            </div> <!-- main-panel-content rounded-window-bottom -->
          </div> <!-- suite-Automation_Suite-class-failed -->
          <div class="suite-Automation_Suite-class-failed">
            <div class="main-panel-header rounded-window-top">
              <img src="failed.png"/>
              <span class="class-name">testCaseBestBuy.TC_04_CheckTitleOfAllMenu</span>
            </div> <!-- main-panel-header rounded-window-top -->
            <div class="main-panel-content rounded-window-bottom">
              <div class="method">
                <div class="method-content">
                  <a name="tc_04_CheckTitleOfAllMenu(Top Deals, Top Deals and Featured Offers on Electronics - Best Buy)">
                  </a> <!-- tc_04_CheckTitleOfAllMenu(Top Deals, Top Deals and Featured Offers on Electronics - Best Buy) -->
                  <span class="method-name">tc_04_CheckTitleOfAllMenu</span>
                  <span class="parameters">(Top Deals,Top Deals and Featured Offers on Electronics - Best Buy)</span>
                  <div class="stack-trace">java.lang.RuntimeException: See extent report for more details
	at baseBestBuy.BaseClassBB.reportStep(BaseClassBB.java:279)
	at testCaseBestBuy.TC_04_CheckTitleOfAllMenu.tc_04_CheckTitleOfAllMenu(TC_04_CheckTitleOfAllMenu.java:38)
	at java.base/java.util.ArrayList.forEach(ArrayList.java:1596)
... Removed 25 stack frames
</div> <!-- stack-trace -->
                </div> <!-- method-content -->
              </div> <!-- method -->
            </div> <!-- main-panel-content rounded-window-bottom -->
          </div> <!-- suite-Automation_Suite-class-failed -->
          <div class="suite-Automation_Suite-class-failed">
            <div class="main-panel-header rounded-window-top">
              <img src="failed.png"/>
              <span class="class-name">testCaseBestBuy.TC_09_CheckOutPageFilling</span>
            </div> <!-- main-panel-header rounded-window-top -->
            <div class="main-panel-content rounded-window-bottom">
              <div class="method">
                <div class="method-content">
                  <a name="tc_09_CheckOutPageFilling">
                  </a> <!-- tc_09_CheckOutPageFilling -->
                  <span class="method-name">tc_09_CheckOutPageFilling</span>
                  <div class="stack-trace">org.openqa.selenium.TimeoutException: Expected condition failed: waiting for visibility of Proxy element for: DefaultElementLocator &apos;By.id: gh-search-input&apos; (tried for 20 second(s) with 500 milliseconds interval)
	at org.openqa.selenium.support.ui.WebDriverWait.timeoutException(WebDriverWait.java:84)
	at org.openqa.selenium.support.ui.FluentWait.until(FluentWait.java:229)
	at utilsBestBuy.UtilsBB.waitExplicit(UtilsBB.java:86)
	at utilsBestBuy.UtilsBB.type(UtilsBB.java:112)
	at pagesBestBuy.HomePageBB.searchProduct(HomePageBB.java:120)
	at testCaseBestBuy.TC_09_CheckOutPageFilling.tc_09_CheckOutPageFilling(TC_09_CheckOutPageFilling.java:31)
	at java.base/java.util.ArrayList.forEach(ArrayList.java:1596)
Caused by: org.openqa.selenium.NoSuchElementException: no such element: Unable to locate element: {&quot;method&quot;:&quot;css selector&quot;,&quot;selector&quot;:&quot;#gh\-search\-input&quot;}
  (Session info: chrome=139.0.7258.155)
For documentation on this error, please visit: https://www.selenium.dev/documentation/webdriver/troubleshooting/errors#no-such-element-exception
Build info: version: &apos;4.15.0&apos;, revision: &apos;1d14b5521b&apos;
System info: os.name: &apos;Mac OS X&apos;, os.arch: &apos;aarch64&apos;, os.version: &apos;15.6.1&apos;, java.version: &apos;21.0.7&apos;
Driver info: org.openqa.selenium.chrome.ChromeDriver
Command: [00dc9087c31a7d89a53907419aab3d7c, findElement {using=id, value=gh-search-input}]
Capabilities {acceptInsecureCerts: false, browserName: chrome, browserVersion: 139.0.7258.155, chrome: {chromedriverVersion: 139.0.7258.154 (9e0d6b2b47f..., userDataDir: /var/folders/pq/7sg3jjwj15z...}, fedcm:accounts: true, goog:chromeOptions: {debuggerAddress: localhost:56142}, networkConnectionEnabled: false, pageLoadStrategy: normal, platformName: mac, proxy: Proxy(), se:cdp: ws://localhost:56142/devtoo..., se:cdpVersion: 139.0.7258.155, setWindowRect: true, strictFileInteractability: false, timeouts: {implicit: 0, pageLoad: 300000, script: 30000}, unhandledPromptBehavior: dismiss and notify, webauthn:extension:credBlob: true, webauthn:extension:largeBlob: true, webauthn:extension:minPinLength: true, webauthn:extension:prf: true, webauthn:virtualAuthenticators: true}
Session ID: 00dc9087c31a7d89a53907419aab3d7c
	at org.openqa.selenium.remote.codec.w3c.W3CHttpResponseCodec.createException(W3CHttpResponseCodec.java:200)
	at org.openqa.selenium.remote.codec.w3c.W3CHttpResponseCodec.decode(W3CHttpResponseCodec.java:133)
	at org.openqa.selenium.remote.codec.w3c.W3CHttpResponseCodec.decode(W3CHttpResponseCodec.java:52)
	at org.openqa.selenium.remote.HttpCommandExecutor.execute(HttpCommandExecutor.java:191)
	at org.openqa.selenium.remote.service.DriverCommandExecutor.invokeExecute(DriverCommandExecutor.java:200)
	at org.openqa.selenium.remote.service.DriverCommandExecutor.execute(DriverCommandExecutor.java:175)
	at org.openqa.selenium.remote.RemoteWebDriver.execute(RemoteWebDriver.java:607)
	at org.openqa.selenium.remote.ElementLocation$ElementFinder$2.findElement(ElementLocation.java:165)
	at org.openqa.selenium.remote.ElementLocation.findElement(ElementLocation.java:59)
	at org.openqa.selenium.remote.RemoteWebDriver.findElement(RemoteWebDriver.java:364)
	at org.openqa.selenium.remote.RemoteWebDriver.findElement(RemoteWebDriver.java:358)
	at org.openqa.selenium.support.pagefactory.DefaultElementLocator.findElement(DefaultElementLocator.java:68)
	at org.openqa.selenium.support.pagefactory.internal.LocatingElementHandler.invoke(LocatingElementHandler.java:38)
	at jdk.proxy2/jdk.proxy2.$Proxy18.isDisplayed(Unknown Source)
	at org.openqa.selenium.support.ui.ExpectedConditions.elementIfVisible(ExpectedConditions.java:304)
	at org.openqa.selenium.support.ui.ExpectedConditions$10.apply(ExpectedConditions.java:290)
	at org.openqa.selenium.support.ui.ExpectedConditions$10.apply(ExpectedConditions.java:287)
	at org.openqa.selenium.support.ui.FluentWait.until(FluentWait.java:204)
	... 30 more
... Removed 28 stack frames
</div> <!-- stack-trace -->
                </div> <!-- method-content -->
              </div> <!-- method -->
            </div> <!-- main-panel-content rounded-window-bottom -->
          </div> <!-- suite-Automation_Suite-class-failed -->
          <div class="suite-Automation_Suite-class-failed">
            <div class="main-panel-header rounded-window-top">
              <img src="failed.png"/>
              <span class="class-name">testCaseBestBuy.TC_03_CreatAccountFunctionality</span>
            </div> <!-- main-panel-header rounded-window-top -->
            <div class="main-panel-content rounded-window-bottom">
              <div class="method">
                <div class="method-content">
                  <a name="tc_03_validateCreatAccountFunctionality(test, t, vino18493@gmail.com, testingtesting, testingtesting, 9876543210, //strong[text()=&#039;Sorry, th...)">
                  </a> <!-- tc_03_validateCreatAccountFunctionality(test, t, vino18493@gmail.com, testingtesting, testingtesting, 9876543210, //strong[text()='Sorry, th...) -->
                  <span class="method-name">tc_03_validateCreatAccountFunctionality</span>
                  <span class="parameters">(test,t,vino18493@gmail.com,testingtesting,testingtesting,9876543210,//strong[text()='Sorry, there was a problem creating your account.'],Sorry, there was a problem creating your account.)</span>
                  <div class="stack-trace">java.lang.RuntimeException: See extent report for more details
	at baseBestBuy.BaseClassBB.reportStep(BaseClassBB.java:279)
	at testCaseBestBuy.TC_03_CreatAccountFunctionality.tc_03_validateCreatAccountFunctionality(TC_03_CreatAccountFunctionality.java:42)
	at java.base/java.util.ArrayList.forEach(ArrayList.java:1596)
... Removed 25 stack frames
</div> <!-- stack-trace -->
                </div> <!-- method-content -->
              </div> <!-- method -->
            </div> <!-- main-panel-content rounded-window-bottom -->
          </div> <!-- suite-Automation_Suite-class-failed -->
          <div class="suite-Automation_Suite-class-failed">
            <div class="main-panel-header rounded-window-top">
              <img src="failed.png"/>
              <span class="class-name">testCaseBestBuy.TC_03_SignInFunctionality</span>
            </div> <!-- main-panel-header rounded-window-top -->
            <div class="main-panel-content rounded-window-bottom">
              <div class="method">
                <div class="method-content">
                  <a name="tc_03_SignInFunctionality(vino184@gmail.com, testingtesting, //div[text()=&#039;Sorry, something went wrong. Please try again.&#039;], S...)">
                  </a> <!-- tc_03_SignInFunctionality(vino184@gmail.com, testingtesting, //div[text()='Sorry, something went wrong. Please try again.'], S...) -->
                  <span class="method-name">tc_03_SignInFunctionality</span>
                  <span class="parameters">(vino184@gmail.com,testingtesting,//div[text()='Sorry, something went wrong. Please try again.'],Sorry, something went wrong. Please try again.)</span>
                  <div class="stack-trace">org.openqa.selenium.TimeoutException: Expected condition failed: waiting for visibility of Proxy element for: DefaultElementLocator &apos;By.id: fld-p1&apos; (tried for 20 second(s) with 500 milliseconds interval)
	at org.openqa.selenium.support.ui.WebDriverWait.timeoutException(WebDriverWait.java:84)
	at org.openqa.selenium.support.ui.FluentWait.until(FluentWait.java:229)
	at utilsBestBuy.UtilsBB.waitExplicit(UtilsBB.java:86)
	at utilsBestBuy.UtilsBB.type(UtilsBB.java:112)
	at pagesBestBuy.SignInPageBB.signInFunctionality(SignInPageBB.java:31)
	at testCaseBestBuy.TC_03_SignInFunctionality.tc_03_SignInFunctionality(TC_03_SignInFunctionality.java:36)
	at java.base/java.util.ArrayList.forEach(ArrayList.java:1596)
Caused by: org.openqa.selenium.NoSuchElementException: no such element: Unable to locate element: {&quot;method&quot;:&quot;css selector&quot;,&quot;selector&quot;:&quot;#fld\-p1&quot;}
  (Session info: chrome=139.0.7258.155)
For documentation on this error, please visit: https://www.selenium.dev/documentation/webdriver/troubleshooting/errors#no-such-element-exception
Build info: version: &apos;4.15.0&apos;, revision: &apos;1d14b5521b&apos;
System info: os.name: &apos;Mac OS X&apos;, os.arch: &apos;aarch64&apos;, os.version: &apos;15.6.1&apos;, java.version: &apos;21.0.7&apos;
Driver info: org.openqa.selenium.chrome.ChromeDriver
Command: [0019bc9e6c42decaf162f5535d3cbb5f, findElement {using=id, value=fld-p1}]
Capabilities {acceptInsecureCerts: false, browserName: chrome, browserVersion: 139.0.7258.155, chrome: {chromedriverVersion: 139.0.7258.154 (9e0d6b2b47f..., userDataDir: /var/folders/pq/7sg3jjwj15z...}, fedcm:accounts: true, goog:chromeOptions: {debuggerAddress: localhost:55376}, networkConnectionEnabled: false, pageLoadStrategy: normal, platformName: mac, proxy: Proxy(), se:cdp: ws://localhost:55376/devtoo..., se:cdpVersion: 139.0.7258.155, setWindowRect: true, strictFileInteractability: false, timeouts: {implicit: 0, pageLoad: 300000, script: 30000}, unhandledPromptBehavior: dismiss and notify, webauthn:extension:credBlob: true, webauthn:extension:largeBlob: true, webauthn:extension:minPinLength: true, webauthn:extension:prf: true, webauthn:virtualAuthenticators: true}
Session ID: 0019bc9e6c42decaf162f5535d3cbb5f
	at org.openqa.selenium.remote.codec.w3c.W3CHttpResponseCodec.createException(W3CHttpResponseCodec.java:200)
	at org.openqa.selenium.remote.codec.w3c.W3CHttpResponseCodec.decode(W3CHttpResponseCodec.java:133)
	at org.openqa.selenium.remote.codec.w3c.W3CHttpResponseCodec.decode(W3CHttpResponseCodec.java:52)
	at org.openqa.selenium.remote.HttpCommandExecutor.execute(HttpCommandExecutor.java:191)
	at org.openqa.selenium.remote.service.DriverCommandExecutor.invokeExecute(DriverCommandExecutor.java:200)
	at org.openqa.selenium.remote.service.DriverCommandExecutor.execute(DriverCommandExecutor.java:175)
	at org.openqa.selenium.remote.RemoteWebDriver.execute(RemoteWebDriver.java:607)
	at org.openqa.selenium.remote.ElementLocation$ElementFinder$2.findElement(ElementLocation.java:165)
	at org.openqa.selenium.remote.ElementLocation.findElement(ElementLocation.java:59)
	at org.openqa.selenium.remote.RemoteWebDriver.findElement(RemoteWebDriver.java:364)
	at org.openqa.selenium.remote.RemoteWebDriver.findElement(RemoteWebDriver.java:358)
	at org.openqa.selenium.support.pagefactory.DefaultElementLocator.findElement(DefaultElementLocator.java:68)
	at org.openqa.selenium.support.pagefactory.internal.LocatingElementHandler.invoke(LocatingElementHandler.java:38)
	at jdk.proxy2/jdk.proxy2.$Proxy18.isDisplayed(Unknown Source)
	at org.openqa.selenium.support.ui.ExpectedConditions.elementIfVisible(ExpectedConditions.java:304)
	at org.openqa.selenium.support.ui.ExpectedConditions$10.apply(ExpectedConditions.java:290)
	at org.openqa.selenium.support.ui.ExpectedConditions$10.apply(ExpectedConditions.java:287)
	at org.openqa.selenium.support.ui.FluentWait.until(FluentWait.java:204)
	... 30 more
... Removed 28 stack frames
</div> <!-- stack-trace -->
                </div> <!-- method-content -->
              </div> <!-- method -->
              <div class="method">
                <div class="method-content">
                  <a name="tc_03_SignInFunctionality(vino184@gmail.com, testing, //strong//div, We didn&#039;t find an account with that email address. Would ...)">
                  </a> <!-- tc_03_SignInFunctionality(vino184@gmail.com, testing, //strong//div, We didn't find an account with that email address. Would ...) -->
                  <span class="method-name">tc_03_SignInFunctionality</span>
                  <span class="parameters">(vino184@gmail.com,testing,//strong//div,We didn't find an account with that email address. Would you like to create an account?)</span>
                  <div class="stack-trace">org.openqa.selenium.TimeoutException: Expected condition failed: waiting for element to be clickable: Proxy element for: DefaultElementLocator &apos;By.className: us-link&apos; (tried for 10 second(s) with 500 milliseconds interval)
	at org.openqa.selenium.support.ui.WebDriverWait.timeoutException(WebDriverWait.java:84)
	at org.openqa.selenium.support.ui.FluentWait.until(FluentWait.java:229)
	at pagesBestBuy.LocationPageBB.deliveryAtUSA(LocationPageBB.java:43)
	at testCaseBestBuy.TC_03_SignInFunctionality.tc_03_SignInFunctionality(TC_03_SignInFunctionality.java:32)
	at java.base/java.util.ArrayList.forEach(ArrayList.java:1596)
Caused by: org.openqa.selenium.NoSuchElementException: no such element: Unable to locate element: {&quot;method&quot;:&quot;css selector&quot;,&quot;selector&quot;:&quot;.us\-link&quot;}
  (Session info: chrome=139.0.7258.155)
For documentation on this error, please visit: https://www.selenium.dev/documentation/webdriver/troubleshooting/errors#no-such-element-exception
Build info: version: &apos;4.15.0&apos;, revision: &apos;1d14b5521b&apos;
System info: os.name: &apos;Mac OS X&apos;, os.arch: &apos;aarch64&apos;, os.version: &apos;15.6.1&apos;, java.version: &apos;21.0.7&apos;
Driver info: org.openqa.selenium.chrome.ChromeDriver
Command: [b7ebcbba2f54f2a763ce3ba36b4e30b2, findElement {using=class name, value=us-link}]
Capabilities {acceptInsecureCerts: false, browserName: chrome, browserVersion: 139.0.7258.155, chrome: {chromedriverVersion: 139.0.7258.154 (9e0d6b2b47f..., userDataDir: /var/folders/pq/7sg3jjwj15z...}, fedcm:accounts: true, goog:chromeOptions: {debuggerAddress: localhost:55120}, networkConnectionEnabled: false, pageLoadStrategy: normal, platformName: mac, proxy: Proxy(), se:cdp: ws://localhost:55120/devtoo..., se:cdpVersion: 139.0.7258.155, setWindowRect: true, strictFileInteractability: false, timeouts: {implicit: 0, pageLoad: 300000, script: 30000}, unhandledPromptBehavior: dismiss and notify, webauthn:extension:credBlob: true, webauthn:extension:largeBlob: true, webauthn:extension:minPinLength: true, webauthn:extension:prf: true, webauthn:virtualAuthenticators: true}
Session ID: b7ebcbba2f54f2a763ce3ba36b4e30b2
	at org.openqa.selenium.remote.codec.w3c.W3CHttpResponseCodec.createException(W3CHttpResponseCodec.java:200)
	at org.openqa.selenium.remote.codec.w3c.W3CHttpResponseCodec.decode(W3CHttpResponseCodec.java:133)
	at org.openqa.selenium.remote.codec.w3c.W3CHttpResponseCodec.decode(W3CHttpResponseCodec.java:52)
	at org.openqa.selenium.remote.HttpCommandExecutor.execute(HttpCommandExecutor.java:191)
	at org.openqa.selenium.remote.service.DriverCommandExecutor.invokeExecute(DriverCommandExecutor.java:200)
	at org.openqa.selenium.remote.service.DriverCommandExecutor.execute(DriverCommandExecutor.java:175)
	at org.openqa.selenium.remote.RemoteWebDriver.execute(RemoteWebDriver.java:607)
	at org.openqa.selenium.remote.ElementLocation$ElementFinder$2.findElement(ElementLocation.java:165)
	at org.openqa.selenium.remote.ElementLocation.findElement(ElementLocation.java:66)
	at org.openqa.selenium.remote.RemoteWebDriver.findElement(RemoteWebDriver.java:364)
	at org.openqa.selenium.remote.RemoteWebDriver.findElement(RemoteWebDriver.java:358)
	at org.openqa.selenium.support.pagefactory.DefaultElementLocator.findElement(DefaultElementLocator.java:68)
	at org.openqa.selenium.support.pagefactory.internal.LocatingElementHandler.invoke(LocatingElementHandler.java:38)
	at jdk.proxy2/jdk.proxy2.$Proxy18.isDisplayed(Unknown Source)
	at org.openqa.selenium.support.ui.ExpectedConditions.elementIfVisible(ExpectedConditions.java:304)
	at org.openqa.selenium.support.ui.ExpectedConditions$10.apply(ExpectedConditions.java:290)
	at org.openqa.selenium.support.ui.ExpectedConditions$10.apply(ExpectedConditions.java:287)
	at org.openqa.selenium.support.ui.ExpectedConditions$23.apply(ExpectedConditions.java:656)
	at org.openqa.selenium.support.ui.ExpectedConditions$23.apply(ExpectedConditions.java:652)
	at org.openqa.selenium.support.ui.FluentWait.until(FluentWait.java:204)
	... 28 more
... Removed 28 stack frames
</div> <!-- stack-trace -->
                </div> <!-- method-content -->
              </div> <!-- method -->
              <div class="method">
                <div class="method-content">
                  <a name="tc_03_SignInFunctionality(vino18493@gmail.com, teting, //div[text()=&#039;The password was incorrect. Please try again.&#039;], The pass...)">
                  </a> <!-- tc_03_SignInFunctionality(vino18493@gmail.com, teting, //div[text()='The password was incorrect. Please try again.'], The pass...) -->
                  <span class="method-name">tc_03_SignInFunctionality</span>
                  <span class="parameters">(vino18493@gmail.com,teting,//div[text()='The password was incorrect. Please try again.'],The password was incorrect. Please try again.)</span>
                  <div class="stack-trace">org.openqa.selenium.TimeoutException: Expected condition failed: waiting for visibility of Proxy element for: DefaultElementLocator &apos;By.id: fld-p1&apos; (tried for 20 second(s) with 500 milliseconds interval)
	at org.openqa.selenium.support.ui.WebDriverWait.timeoutException(WebDriverWait.java:84)
	at org.openqa.selenium.support.ui.FluentWait.until(FluentWait.java:229)
	at utilsBestBuy.UtilsBB.waitExplicit(UtilsBB.java:86)
	at utilsBestBuy.UtilsBB.type(UtilsBB.java:112)
	at pagesBestBuy.SignInPageBB.signInFunctionality(SignInPageBB.java:31)
	at testCaseBestBuy.TC_03_SignInFunctionality.tc_03_SignInFunctionality(TC_03_SignInFunctionality.java:36)
	at java.base/java.util.ArrayList.forEach(ArrayList.java:1596)
Caused by: org.openqa.selenium.NoSuchElementException: no such element: Unable to locate element: {&quot;method&quot;:&quot;css selector&quot;,&quot;selector&quot;:&quot;#fld\-p1&quot;}
  (Session info: chrome=139.0.7258.155)
For documentation on this error, please visit: https://www.selenium.dev/documentation/webdriver/troubleshooting/errors#no-such-element-exception
Build info: version: &apos;4.15.0&apos;, revision: &apos;1d14b5521b&apos;
System info: os.name: &apos;Mac OS X&apos;, os.arch: &apos;aarch64&apos;, os.version: &apos;15.6.1&apos;, java.version: &apos;21.0.7&apos;
Driver info: org.openqa.selenium.chrome.ChromeDriver
Command: [3ab1772eafcb57cec0cd20799ee6c07a, findElement {using=id, value=fld-p1}]
Capabilities {acceptInsecureCerts: false, browserName: chrome, browserVersion: 139.0.7258.155, chrome: {chromedriverVersion: 139.0.7258.154 (9e0d6b2b47f..., userDataDir: /var/folders/pq/7sg3jjwj15z...}, fedcm:accounts: true, goog:chromeOptions: {debuggerAddress: localhost:55254}, networkConnectionEnabled: false, pageLoadStrategy: normal, platformName: mac, proxy: Proxy(), se:cdp: ws://localhost:55254/devtoo..., se:cdpVersion: 139.0.7258.155, setWindowRect: true, strictFileInteractability: false, timeouts: {implicit: 0, pageLoad: 300000, script: 30000}, unhandledPromptBehavior: dismiss and notify, webauthn:extension:credBlob: true, webauthn:extension:largeBlob: true, webauthn:extension:minPinLength: true, webauthn:extension:prf: true, webauthn:virtualAuthenticators: true}
Session ID: 3ab1772eafcb57cec0cd20799ee6c07a
	at org.openqa.selenium.remote.codec.w3c.W3CHttpResponseCodec.createException(W3CHttpResponseCodec.java:200)
	at org.openqa.selenium.remote.codec.w3c.W3CHttpResponseCodec.decode(W3CHttpResponseCodec.java:133)
	at org.openqa.selenium.remote.codec.w3c.W3CHttpResponseCodec.decode(W3CHttpResponseCodec.java:52)
	at org.openqa.selenium.remote.HttpCommandExecutor.execute(HttpCommandExecutor.java:191)
	at org.openqa.selenium.remote.service.DriverCommandExecutor.invokeExecute(DriverCommandExecutor.java:200)
	at org.openqa.selenium.remote.service.DriverCommandExecutor.execute(DriverCommandExecutor.java:175)
	at org.openqa.selenium.remote.RemoteWebDriver.execute(RemoteWebDriver.java:607)
	at org.openqa.selenium.remote.ElementLocation$ElementFinder$2.findElement(ElementLocation.java:165)
	at org.openqa.selenium.remote.ElementLocation.findElement(ElementLocation.java:59)
	at org.openqa.selenium.remote.RemoteWebDriver.findElement(RemoteWebDriver.java:364)
	at org.openqa.selenium.remote.RemoteWebDriver.findElement(RemoteWebDriver.java:358)
	at org.openqa.selenium.support.pagefactory.DefaultElementLocator.findElement(DefaultElementLocator.java:68)
	at org.openqa.selenium.support.pagefactory.internal.LocatingElementHandler.invoke(LocatingElementHandler.java:38)
	at jdk.proxy2/jdk.proxy2.$Proxy18.isDisplayed(Unknown Source)
	at org.openqa.selenium.support.ui.ExpectedConditions.elementIfVisible(ExpectedConditions.java:304)
	at org.openqa.selenium.support.ui.ExpectedConditions$10.apply(ExpectedConditions.java:290)
	at org.openqa.selenium.support.ui.ExpectedConditions$10.apply(ExpectedConditions.java:287)
	at org.openqa.selenium.support.ui.FluentWait.until(FluentWait.java:204)
	... 30 more
... Removed 28 stack frames
</div> <!-- stack-trace -->
                </div> <!-- method-content -->
              </div> <!-- method -->
              <div class="method">
                <div class="method-content">
                  <a name="tc_03_SignInFunctionality(vino18493@gmail.com, testingtesting, //span[text()=&#039;Hi, Test&#039;], Hi, Test)">
                  </a> <!-- tc_03_SignInFunctionality(vino18493@gmail.com, testingtesting, //span[text()='Hi, Test'], Hi, Test) -->
                  <span class="method-name">tc_03_SignInFunctionality</span>
                  <span class="parameters">(vino18493@gmail.com,testingtesting,//span[text()='Hi, Test'],Hi, Test)</span>
                  <div class="stack-trace">org.openqa.selenium.TimeoutException: Expected condition failed: waiting for visibility of Proxy element for: DefaultElementLocator &apos;By.id: fld-p1&apos; (tried for 20 second(s) with 500 milliseconds interval)
	at org.openqa.selenium.support.ui.WebDriverWait.timeoutException(WebDriverWait.java:84)
	at org.openqa.selenium.support.ui.FluentWait.until(FluentWait.java:229)
	at utilsBestBuy.UtilsBB.waitExplicit(UtilsBB.java:86)
	at utilsBestBuy.UtilsBB.type(UtilsBB.java:112)
	at pagesBestBuy.SignInPageBB.signInFunctionality(SignInPageBB.java:31)
	at testCaseBestBuy.TC_03_SignInFunctionality.tc_03_SignInFunctionality(TC_03_SignInFunctionality.java:36)
	at java.base/java.util.ArrayList.forEach(ArrayList.java:1596)
Caused by: org.openqa.selenium.NoSuchElementException: no such element: Unable to locate element: {&quot;method&quot;:&quot;css selector&quot;,&quot;selector&quot;:&quot;#fld\-p1&quot;}
  (Session info: chrome=139.0.7258.155)
For documentation on this error, please visit: https://www.selenium.dev/documentation/webdriver/troubleshooting/errors#no-such-element-exception
Build info: version: &apos;4.15.0&apos;, revision: &apos;1d14b5521b&apos;
System info: os.name: &apos;Mac OS X&apos;, os.arch: &apos;aarch64&apos;, os.version: &apos;15.6.1&apos;, java.version: &apos;21.0.7&apos;
Driver info: org.openqa.selenium.chrome.ChromeDriver
Command: [faee8b3b09430d71b6b20826347aefff, findElement {using=id, value=fld-p1}]
Capabilities {acceptInsecureCerts: false, browserName: chrome, browserVersion: 139.0.7258.155, chrome: {chromedriverVersion: 139.0.7258.154 (9e0d6b2b47f..., userDataDir: /var/folders/pq/7sg3jjwj15z...}, fedcm:accounts: true, goog:chromeOptions: {debuggerAddress: localhost:55506}, networkConnectionEnabled: false, pageLoadStrategy: normal, platformName: mac, proxy: Proxy(), se:cdp: ws://localhost:55506/devtoo..., se:cdpVersion: 139.0.7258.155, setWindowRect: true, strictFileInteractability: false, timeouts: {implicit: 0, pageLoad: 300000, script: 30000}, unhandledPromptBehavior: dismiss and notify, webauthn:extension:credBlob: true, webauthn:extension:largeBlob: true, webauthn:extension:minPinLength: true, webauthn:extension:prf: true, webauthn:virtualAuthenticators: true}
Session ID: faee8b3b09430d71b6b20826347aefff
	at org.openqa.selenium.remote.codec.w3c.W3CHttpResponseCodec.createException(W3CHttpResponseCodec.java:200)
	at org.openqa.selenium.remote.codec.w3c.W3CHttpResponseCodec.decode(W3CHttpResponseCodec.java:133)
	at org.openqa.selenium.remote.codec.w3c.W3CHttpResponseCodec.decode(W3CHttpResponseCodec.java:52)
	at org.openqa.selenium.remote.HttpCommandExecutor.execute(HttpCommandExecutor.java:191)
	at org.openqa.selenium.remote.service.DriverCommandExecutor.invokeExecute(DriverCommandExecutor.java:200)
	at org.openqa.selenium.remote.service.DriverCommandExecutor.execute(DriverCommandExecutor.java:175)
	at org.openqa.selenium.remote.RemoteWebDriver.execute(RemoteWebDriver.java:607)
	at org.openqa.selenium.remote.ElementLocation$ElementFinder$2.findElement(ElementLocation.java:165)
	at org.openqa.selenium.remote.ElementLocation.findElement(ElementLocation.java:59)
	at org.openqa.selenium.remote.RemoteWebDriver.findElement(RemoteWebDriver.java:364)
	at org.openqa.selenium.remote.RemoteWebDriver.findElement(RemoteWebDriver.java:358)
	at org.openqa.selenium.support.pagefactory.DefaultElementLocator.findElement(DefaultElementLocator.java:68)
	at org.openqa.selenium.support.pagefactory.internal.LocatingElementHandler.invoke(LocatingElementHandler.java:38)
	at jdk.proxy2/jdk.proxy2.$Proxy18.isDisplayed(Unknown Source)
	at org.openqa.selenium.support.ui.ExpectedConditions.elementIfVisible(ExpectedConditions.java:304)
	at org.openqa.selenium.support.ui.ExpectedConditions$10.apply(ExpectedConditions.java:290)
	at org.openqa.selenium.support.ui.ExpectedConditions$10.apply(ExpectedConditions.java:287)
	at org.openqa.selenium.support.ui.FluentWait.until(FluentWait.java:204)
	... 30 more
... Removed 28 stack frames
</div> <!-- stack-trace -->
                </div> <!-- method-content -->
              </div> <!-- method -->
            </div> <!-- main-panel-content rounded-window-bottom -->
          </div> <!-- suite-Automation_Suite-class-failed -->
          <div class="suite-Automation_Suite-class-skipped">
            <div class="main-panel-header rounded-window-top">
              <img src="skipped.png"/>
              <span class="class-name">testCaseBestBuy.TC_04_CheckTitleOfAllMenu</span>
            </div> <!-- main-panel-header rounded-window-top -->
            <div class="main-panel-content rounded-window-bottom">
              <div class="method">
                <div class="method-content">
                  <a name="tc_04_CheckTitleOfAllMenu(Deal of the Day, Deal of the Day: Electronics Deals - Best Buy)">
                  </a> <!-- tc_04_CheckTitleOfAllMenu(Deal of the Day, Deal of the Day: Electronics Deals - Best Buy) -->
                  <span class="method-name">tc_04_CheckTitleOfAllMenu</span>
                  <span class="parameters">(Deal of the Day,Deal of the Day: Electronics Deals - Best Buy)</span>
                  <div class="stack-trace">java.lang.AssertionError: The following asserts failed:
	expected [Top Deals and Featured Offers on Electronics - Best Buy] but found [Best Buy Top Deals]
	at baseBestBuy.BaseClassBB.tearDown(BaseClassBB.java:76)
	at java.base/java.util.ArrayList.forEach(ArrayList.java:1596)
... Removed 32 stack frames
</div> <!-- stack-trace -->
                </div> <!-- method-content -->
              </div> <!-- method -->
              <div class="method">
                <div class="method-content">
                  <a name="tc_04_CheckTitleOfAllMenu(Health &amp; Wellness, Health &amp; Wellness Solutions &amp; Technology - Best Buy)">
                  </a> <!-- tc_04_CheckTitleOfAllMenu(Health & Wellness, Health & Wellness Solutions & Technology - Best Buy) -->
                  <span class="method-name">tc_04_CheckTitleOfAllMenu</span>
                  <span class="parameters">(Health & Wellness,Health & Wellness Solutions & Technology - Best Buy)</span>
                  <div class="stack-trace">java.lang.AssertionError: The following asserts failed:
	expected [Top Deals and Featured Offers on Electronics - Best Buy] but found [Best Buy Top Deals]
	at baseBestBuy.BaseClassBB.tearDown(BaseClassBB.java:76)
	at java.base/java.util.ArrayList.forEach(ArrayList.java:1596)
... Removed 32 stack frames
</div> <!-- stack-trace -->
                </div> <!-- method-content -->
              </div> <!-- method -->
              <div class="method">
                <div class="method-content">
                  <a name="tc_04_CheckTitleOfAllMenu(Credit Cards, Best Buy Credit Card: Rewards &amp; Financing)">
                  </a> <!-- tc_04_CheckTitleOfAllMenu(Credit Cards, Best Buy Credit Card: Rewards & Financing) -->
                  <span class="method-name">tc_04_CheckTitleOfAllMenu</span>
                  <span class="parameters">(Credit Cards,Best Buy Credit Card: Rewards & Financing)</span>
                  <div class="stack-trace">java.lang.AssertionError: The following asserts failed:
	expected [Top Deals and Featured Offers on Electronics - Best Buy] but found [Best Buy Top Deals]
	at baseBestBuy.BaseClassBB.tearDown(BaseClassBB.java:76)
	at java.base/java.util.ArrayList.forEach(ArrayList.java:1596)
... Removed 32 stack frames
</div> <!-- stack-trace -->
                </div> <!-- method-content -->
              </div> <!-- method -->
              <div class="method">
                <div class="method-content">
                  <a name="tc_04_CheckTitleOfAllMenu(Gift Ideas, Gift Ideas 2023: Best Gifts to Give This Year - Best Buy)">
                  </a> <!-- tc_04_CheckTitleOfAllMenu(Gift Ideas, Gift Ideas 2023: Best Gifts to Give This Year - Best Buy) -->
                  <span class="method-name">tc_04_CheckTitleOfAllMenu</span>
                  <span class="parameters">(Gift Ideas,Gift Ideas 2023: Best Gifts to Give This Year - Best Buy)</span>
                  <div class="stack-trace">java.lang.AssertionError: The following asserts failed:
	expected [Top Deals and Featured Offers on Electronics - Best Buy] but found [Best Buy Top Deals]
	at baseBestBuy.BaseClassBB.tearDown(BaseClassBB.java:76)
	at java.base/java.util.ArrayList.forEach(ArrayList.java:1596)
... Removed 32 stack frames
</div> <!-- stack-trace -->
                </div> <!-- method-content -->
              </div> <!-- method -->
              <div class="method">
                <div class="method-content">
                  <a name="tc_04_CheckTitleOfAllMenu(Best Buy Outlet, Best Buy Outlet: Clearance Electronics Outlet Store – Best Buy)">
                  </a> <!-- tc_04_CheckTitleOfAllMenu(Best Buy Outlet, Best Buy Outlet: Clearance Electronics Outlet Store – Best Buy) -->
                  <span class="method-name">tc_04_CheckTitleOfAllMenu</span>
                  <span class="parameters">(Best Buy Outlet,Best Buy Outlet: Clearance Electronics Outlet Store – Best Buy)</span>
                  <div class="stack-trace">java.lang.AssertionError: The following asserts failed:
	expected [Top Deals and Featured Offers on Electronics - Best Buy] but found [Best Buy Top Deals]
	at baseBestBuy.BaseClassBB.tearDown(BaseClassBB.java:76)
	at java.base/java.util.ArrayList.forEach(ArrayList.java:1596)
... Removed 32 stack frames
</div> <!-- stack-trace -->
                </div> <!-- method-content -->
              </div> <!-- method -->
              <div class="method">
                <div class="method-content">
                  <a name="tc_04_CheckTitleOfAllMenu(Gift Cards, Gifts Cards and E-Gift Cards - Best Buy)">
                  </a> <!-- tc_04_CheckTitleOfAllMenu(Gift Cards, Gifts Cards and E-Gift Cards - Best Buy) -->
                  <span class="method-name">tc_04_CheckTitleOfAllMenu</span>
                  <span class="parameters">(Gift Cards,Gifts Cards and E-Gift Cards - Best Buy)</span>
                  <div class="stack-trace">java.lang.AssertionError: The following asserts failed:
	expected [Top Deals and Featured Offers on Electronics - Best Buy] but found [Best Buy Top Deals]
	at baseBestBuy.BaseClassBB.tearDown(BaseClassBB.java:76)
	at java.base/java.util.ArrayList.forEach(ArrayList.java:1596)
... Removed 32 stack frames
</div> <!-- stack-trace -->
                </div> <!-- method-content -->
              </div> <!-- method -->
              <div class="method">
                <div class="method-content">
                  <a name="tc_04_CheckTitleOfAllMenu(Best Buy Business, Best Buy for Business - Best Buy)">
                  </a> <!-- tc_04_CheckTitleOfAllMenu(Best Buy Business, Best Buy for Business - Best Buy) -->
                  <span class="method-name">tc_04_CheckTitleOfAllMenu</span>
                  <span class="parameters">(Best Buy Business,Best Buy for Business - Best Buy)</span>
                  <div class="stack-trace">java.lang.AssertionError: The following asserts failed:
	expected [Top Deals and Featured Offers on Electronics - Best Buy] but found [Best Buy Top Deals]
	at baseBestBuy.BaseClassBB.tearDown(BaseClassBB.java:76)
	at java.base/java.util.ArrayList.forEach(ArrayList.java:1596)
... Removed 32 stack frames
</div> <!-- stack-trace -->
                </div> <!-- method-content -->
              </div> <!-- method -->
              <div class="method">
                <div class="method-content">
                  <a name="tc_04_CheckTitleOfAllMenu(Totaltech Membership, Best Buy Totaltech™ – Best Buy)">
                  </a> <!-- tc_04_CheckTitleOfAllMenu(Totaltech Membership, Best Buy Totaltech™ – Best Buy) -->
                  <span class="method-name">tc_04_CheckTitleOfAllMenu</span>
                  <span class="parameters">(Totaltech Membership,Best Buy Totaltech™ – Best Buy)</span>
                  <div class="stack-trace">java.lang.AssertionError: The following asserts failed:
	expected [Top Deals and Featured Offers on Electronics - Best Buy] but found [Best Buy Top Deals]
	at baseBestBuy.BaseClassBB.tearDown(BaseClassBB.java:76)
	at java.base/java.util.ArrayList.forEach(ArrayList.java:1596)
... Removed 32 stack frames
</div> <!-- stack-trace -->
                </div> <!-- method-content -->
              </div> <!-- method -->
            </div> <!-- main-panel-content rounded-window-bottom -->
          </div> <!-- suite-Automation_Suite-class-skipped -->
          <div class="suite-Automation_Suite-class-passed">
            <div class="main-panel-header rounded-window-top">
              <img src="passed.png"/>
              <span class="class-name">testCaseBestBuy.TC_01_navgatingToBestBestApp</span>
            </div> <!-- main-panel-header rounded-window-top -->
            <div class="main-panel-content rounded-window-bottom">
              <div class="method">
                <div class="method-content">
                  <a name="tc_01_navgatingToBestBestApp">
                  </a> <!-- tc_01_navgatingToBestBestApp -->
                  <span class="method-name">tc_01_navgatingToBestBestApp</span>
                </div> <!-- method-content -->
              </div> <!-- method -->
            </div> <!-- main-panel-content rounded-window-bottom -->
          </div> <!-- suite-Automation_Suite-class-passed -->
          <div class="suite-Automation_Suite-class-passed">
            <div class="main-panel-header rounded-window-top">
              <img src="passed.png"/>
              <span class="class-name">testCaseBestBuy.TC_02_ValidateUrlIsNotBroken</span>
            </div> <!-- main-panel-header rounded-window-top -->
            <div class="main-panel-content rounded-window-bottom">
              <div class="method">
                <div class="method-content">
                  <a name="tc_02_validateUrlIsNotBroken">
                  </a> <!-- tc_02_validateUrlIsNotBroken -->
                  <span class="method-name">tc_02_validateUrlIsNotBroken</span>
                </div> <!-- method-content -->
              </div> <!-- method -->
            </div> <!-- main-panel-content rounded-window-bottom -->
          </div> <!-- suite-Automation_Suite-class-passed -->
          <div class="suite-Automation_Suite-class-passed">
            <div class="main-panel-header rounded-window-top">
              <img src="passed.png"/>
              <span class="class-name">testCaseBestBuy.TC_03_CreatAccountFunctionality</span>
            </div> <!-- main-panel-header rounded-window-top -->
            <div class="main-panel-content rounded-window-bottom">
              <div class="method">
                <div class="method-content">
                  <a name="tc_03_validateCreatAccountFunctionality(test, t, vino18493.com, testingtesting, testingtesting, 9.87654321E9, //p[text()=&#039;Please enter a val...)">
                  </a> <!-- tc_03_validateCreatAccountFunctionality(test, t, vino18493.com, testingtesting, testingtesting, 9.87654321E9, //p[text()='Please enter a val...) -->
                  <span class="method-name">tc_03_validateCreatAccountFunctionality</span>
                  <span class="parameters">(test,t,vino18493.com,testingtesting,testingtesting,9.87654321E9,//p[text()='Please enter a valid email address.'],Please enter a valid email address.)</span>
                </div> <!-- method-content -->
              </div> <!-- method -->
              <div class="method">
                <div class="method-content">
                  <a name="tc_03_validateCreatAccountFunctionality(test, t, vino18493@gmail.com, test, test, 9.87654321E9, //p[text()=&#039;Please enter a strong password.&#039;...)">
                  </a> <!-- tc_03_validateCreatAccountFunctionality(test, t, vino18493@gmail.com, test, test, 9.87654321E9, //p[text()='Please enter a strong password.'...) -->
                  <span class="method-name">tc_03_validateCreatAccountFunctionality</span>
                  <span class="parameters">(test,t,vino18493@gmail.com,test,test,9.87654321E9,//p[text()='Please enter a strong password.'],Please enter a strong password.)</span>
                </div> <!-- method-content -->
              </div> <!-- method -->
              <div class="method">
                <div class="method-content">
                  <a name="tc_03_validateCreatAccountFunctionality(, t, vino18493@gmail.com, testingtesting, testingtesting, 9.87654321E9, //p[text()=&#039;Please enter you...)">
                  </a> <!-- tc_03_validateCreatAccountFunctionality(, t, vino18493@gmail.com, testingtesting, testingtesting, 9.87654321E9, //p[text()='Please enter you...) -->
                  <span class="method-name">tc_03_validateCreatAccountFunctionality</span>
                  <span class="parameters">(,t,vino18493@gmail.com,testingtesting,testingtesting,9.87654321E9,//p[text()='Please enter your first name.'],Please enter your first name.)</span>
                </div> <!-- method-content -->
              </div> <!-- method -->
              <div class="method">
                <div class="method-content">
                  <a name="tc_03_validateCreatAccountFunctionality(test, t, vino18493@gmail.com, testingtesting, , 9.87654321E9, //p[text()=&#039;Passwords do not match.&#039;],...)">
                  </a> <!-- tc_03_validateCreatAccountFunctionality(test, t, vino18493@gmail.com, testingtesting, , 9.87654321E9, //p[text()='Passwords do not match.'],...) -->
                  <span class="method-name">tc_03_validateCreatAccountFunctionality</span>
                  <span class="parameters">(test,t,vino18493@gmail.com,testingtesting,,9.87654321E9,//p[text()='Passwords do not match.'],Passwords do not match.)</span>
                </div> <!-- method-content -->
              </div> <!-- method -->
              <div class="method">
                <div class="method-content">
                  <a name="tc_03_validateCreatAccountFunctionality(test, t, vino18493@gmail.com, , , 9.87654321E9, //p[text()=&#039;Please enter a strong password.&#039;], Pleas...)">
                  </a> <!-- tc_03_validateCreatAccountFunctionality(test, t, vino18493@gmail.com, , , 9.87654321E9, //p[text()='Please enter a strong password.'], Pleas...) -->
                  <span class="method-name">tc_03_validateCreatAccountFunctionality</span>
                  <span class="parameters">(test,t,vino18493@gmail.com,,,9.87654321E9,//p[text()='Please enter a strong password.'],Please enter a strong password.)</span>
                </div> <!-- method-content -->
              </div> <!-- method -->
              <div class="method">
                <div class="method-content">
                  <a name="tc_03_validateCreatAccountFunctionality(test, t, vino18493@gmail.com, testingtesting, testingtesting, 98765qwert, //p[text()=&#039;Please enter a...)">
                  </a> <!-- tc_03_validateCreatAccountFunctionality(test, t, vino18493@gmail.com, testingtesting, testingtesting, 98765qwert, //p[text()='Please enter a...) -->
                  <span class="method-name">tc_03_validateCreatAccountFunctionality</span>
                  <span class="parameters">(test,t,vino18493@gmail.com,testingtesting,testingtesting,98765qwert,//p[text()='Please enter a valid mobile phone number.'],Please enter a valid mobile phone number.)</span>
                </div> <!-- method-content -->
              </div> <!-- method -->
              <div class="method">
                <div class="method-content">
                  <a name="tc_03_validateCreatAccountFunctionality(test, t, vino18493@gmail.com, testingtesting, testingtesting, qwertyuiop, //p[text()=&#039;Please enter a...)">
                  </a> <!-- tc_03_validateCreatAccountFunctionality(test, t, vino18493@gmail.com, testingtesting, testingtesting, qwertyuiop, //p[text()='Please enter a...) -->
                  <span class="method-name">tc_03_validateCreatAccountFunctionality</span>
                  <span class="parameters">(test,t,vino18493@gmail.com,testingtesting,testingtesting,qwertyuiop,//p[text()='Please enter a valid mobile phone number.'],Please enter a valid mobile phone number.)</span>
                </div> <!-- method-content -->
              </div> <!-- method -->
              <div class="method">
                <div class="method-content">
                  <a name="tc_03_validateCreatAccountFunctionality(test, t, vino18493@gmail.com, testingtesting, testingtesting, 987654321, //p[text()=&#039;Please enter a ...)">
                  </a> <!-- tc_03_validateCreatAccountFunctionality(test, t, vino18493@gmail.com, testingtesting, testingtesting, 987654321, //p[text()='Please enter a ...) -->
                  <span class="method-name">tc_03_validateCreatAccountFunctionality</span>
                  <span class="parameters">(test,t,vino18493@gmail.com,testingtesting,testingtesting,987654321,//p[text()='Please enter a valid mobile phone number.'],Please enter a valid mobile phone number.)</span>
                </div> <!-- method-content -->
              </div> <!-- method -->
              <div class="method">
                <div class="method-content">
                  <a name="tc_03_validateCreatAccountFunctionality(test, , vino18493@gmail.com, testingtesting, testingtesting, 9.87654321E9, //p[text()=&#039;Please enter ...)">
                  </a> <!-- tc_03_validateCreatAccountFunctionality(test, , vino18493@gmail.com, testingtesting, testingtesting, 9.87654321E9, //p[text()='Please enter ...) -->
                  <span class="method-name">tc_03_validateCreatAccountFunctionality</span>
                  <span class="parameters">(test,,vino18493@gmail.com,testingtesting,testingtesting,9.87654321E9,//p[text()='Please enter your last name.'],Please enter your last name.)</span>
                </div> <!-- method-content -->
              </div> <!-- method -->
              <div class="method">
                <div class="method-content">
                  <a name="tc_03_validateCreatAccountFunctionality(test, t, vino18493@gmail.com, , testingtesting, 9.87654321E9, //p[text()=&#039;Passwords do not match.&#039;],...)">
                  </a> <!-- tc_03_validateCreatAccountFunctionality(test, t, vino18493@gmail.com, , testingtesting, 9.87654321E9, //p[text()='Passwords do not match.'],...) -->
                  <span class="method-name">tc_03_validateCreatAccountFunctionality</span>
                  <span class="parameters">(test,t,vino18493@gmail.com,,testingtesting,9.87654321E9,//p[text()='Passwords do not match.'],Passwords do not match.)</span>
                </div> <!-- method-content -->
              </div> <!-- method -->
            </div> <!-- main-panel-content rounded-window-bottom -->
          </div> <!-- suite-Automation_Suite-class-passed -->
        </div> <!-- panel Automation_Suite -->
        <div panel-name="test-xml-Automation_Suite" class="panel">
          <div class="main-panel-header rounded-window-top">
            <span class="header-content">/Users/abilash/IdeaProjects/BestBuyTest/testng.xml</span>
          </div> <!-- main-panel-header rounded-window-top -->
          <div class="main-panel-content rounded-window-bottom">
            <pre>
&lt;?xml version=&quot;1.0&quot; encoding=&quot;UTF-8&quot;?&gt;
&lt;!DOCTYPE suite SYSTEM &quot;https://testng.org/testng-1.0.dtd&quot;&gt;
&lt;suite thread-count=&quot;1&quot; name=&quot;Automation Suite&quot; guice-stage=&quot;DEVELOPMENT&quot;&gt;
  &lt;test thread-count=&quot;1&quot; name=&quot;BestBuyTest&quot;&gt;
    &lt;classes&gt;
      &lt;class name=&quot;testCaseBestBuy.TC_01_navgatingToBestBestApp&quot;/&gt;
      &lt;class name=&quot;testCaseBestBuy.TC_02_ValidateUrlIsNotBroken&quot;/&gt;
      &lt;class name=&quot;testCaseBestBuy.TC_03_CreatAccountFunctionality&quot;/&gt;
      &lt;class name=&quot;testCaseBestBuy.TC_03_SignInFunctionality&quot;/&gt;
      &lt;class name=&quot;testCaseBestBuy.TC_04_CheckTitleOfAllMenu&quot;/&gt;
      &lt;class name=&quot;testCaseBestBuy.TC_05_ValidateLinkInBottomOfHomePage&quot;/&gt;
      &lt;class name=&quot;testCaseBestBuy.TC_06_SearchAddItemInCart&quot;/&gt;
      &lt;class name=&quot;testCaseBestBuy.TC_07_SelAddItemShopByDeptMenu&quot;/&gt;
      &lt;class name=&quot;testCaseBestBuy.TC_08_SelAddItemShopByBrandMenu&quot;/&gt;
      &lt;class name=&quot;testCaseBestBuy.TC_09_CheckOutPageFilling&quot;/&gt;
    &lt;/classes&gt;
  &lt;/test&gt; &lt;!-- BestBuyTest --&gt;
&lt;/suite&gt; &lt;!-- Automation Suite --&gt;
            </pre>
          </div> <!-- main-panel-content rounded-window-bottom -->
        </div> <!-- panel -->
        <div panel-name="testlist-Automation_Suite" class="panel">
          <div class="main-panel-header rounded-window-top">
            <span class="header-content">Tests for Automation Suite</span>
          </div> <!-- main-panel-header rounded-window-top -->
          <div class="main-panel-content rounded-window-bottom">
            <ul>
              <li>
                <span class="test-name">BestBuyTest (10 classes)</span>
              </li>
            </ul>
          </div> <!-- main-panel-content rounded-window-bottom -->
        </div> <!-- panel -->
        <div panel-name="group-Automation_Suite" class="panel">
          <div class="main-panel-header rounded-window-top">
            <span class="header-content">Groups for Automation Suite</span>
          </div> <!-- main-panel-header rounded-window-top -->
          <div class="main-panel-content rounded-window-bottom">
          </div> <!-- main-panel-content rounded-window-bottom -->
        </div> <!-- panel -->
        <div panel-name="times-Automation_Suite" class="panel">
          <div class="main-panel-header rounded-window-top">
            <span class="header-content">Times for Automation Suite</span>
          </div> <!-- main-panel-header rounded-window-top -->
          <div class="main-panel-content rounded-window-bottom">
            <div class="times-div">
              <script type="text/javascript">
suiteTableInitFunctions.push('tableData_Automation_Suite');
function tableData_Automation_Suite() {
var data = new google.visualization.DataTable();
data.addColumn('number', 'Number');
data.addColumn('string', 'Method');
data.addColumn('string', 'Class');
data.addColumn('number', 'Time (ms)');
data.addRows(31);
data.setCell(0, 0, 0)
data.setCell(0, 1, 'tc_08_selAddItemShopByBrandMenu')
data.setCell(0, 2, 'testCaseBestBuy.TC_08_SelAddItemShopByBrandMenu')
data.setCell(0, 3, 87542);
data.setCell(1, 0, 1)
data.setCell(1, 1, 'tc_07_selAddItemShopByDeptMenu')
data.setCell(1, 2, 'testCaseBestBuy.TC_07_SelAddItemShopByDeptMenu')
data.setCell(1, 3, 61295);
data.setCell(2, 0, 2)
data.setCell(2, 1, 'tc_05_validateLinkInBottomOfHomePage')
data.setCell(2, 2, 'testCaseBestBuy.TC_05_ValidateLinkInBottomOfHomePage')
data.setCell(2, 3, 43177);
data.setCell(3, 0, 3)
data.setCell(3, 1, 'tc_03_SignInFunctionality')
data.setCell(3, 2, 'testCaseBestBuy.TC_03_SignInFunctionality')
data.setCell(3, 3, 43133);
data.setCell(4, 0, 4)
data.setCell(4, 1, 'tc_03_SignInFunctionality')
data.setCell(4, 2, 'testCaseBestBuy.TC_03_SignInFunctionality')
data.setCell(4, 3, 42790);
data.setCell(5, 0, 5)
data.setCell(5, 1, 'tc_06_SearchAddItemInCart')
data.setCell(5, 2, 'testCaseBestBuy.TC_06_SearchAddItemInCart')
data.setCell(5, 3, 41717);
data.setCell(6, 0, 6)
data.setCell(6, 1, 'tc_03_SignInFunctionality')
data.setCell(6, 2, 'testCaseBestBuy.TC_03_SignInFunctionality')
data.setCell(6, 3, 40801);
data.setCell(7, 0, 7)
data.setCell(7, 1, 'tc_03_SignInFunctionality')
data.setCell(7, 2, 'testCaseBestBuy.TC_03_SignInFunctionality')
data.setCell(7, 3, 40784);
data.setCell(8, 0, 8)
data.setCell(8, 1, 'tc_09_CheckOutPageFilling')
data.setCell(8, 2, 'testCaseBestBuy.TC_09_CheckOutPageFilling')
data.setCell(8, 3, 39637);
data.setCell(9, 0, 9)
data.setCell(9, 1, 'tc_03_validateCreatAccountFunctionality')
data.setCell(9, 2, 'testCaseBestBuy.TC_03_CreatAccountFunctionality')
data.setCell(9, 3, 37340);
data.setCell(10, 0, 10)
data.setCell(10, 1, 'tc_03_validateCreatAccountFunctionality')
data.setCell(10, 2, 'testCaseBestBuy.TC_03_CreatAccountFunctionality')
data.setCell(10, 3, 28408);
data.setCell(11, 0, 11)
data.setCell(11, 1, 'tc_03_validateCreatAccountFunctionality')
data.setCell(11, 2, 'testCaseBestBuy.TC_03_CreatAccountFunctionality')
data.setCell(11, 3, 28400);
data.setCell(12, 0, 12)
data.setCell(12, 1, 'tc_03_validateCreatAccountFunctionality')
data.setCell(12, 2, 'testCaseBestBuy.TC_03_CreatAccountFunctionality')
data.setCell(12, 3, 27485);
data.setCell(13, 0, 13)
data.setCell(13, 1, 'tc_03_validateCreatAccountFunctionality')
data.setCell(13, 2, 'testCaseBestBuy.TC_03_CreatAccountFunctionality')
data.setCell(13, 3, 27393);
data.setCell(14, 0, 14)
data.setCell(14, 1, 'tc_03_validateCreatAccountFunctionality')
data.setCell(14, 2, 'testCaseBestBuy.TC_03_CreatAccountFunctionality')
data.setCell(14, 3, 26676);
data.setCell(15, 0, 15)
data.setCell(15, 1, 'tc_03_validateCreatAccountFunctionality')
data.setCell(15, 2, 'testCaseBestBuy.TC_03_CreatAccountFunctionality')
data.setCell(15, 3, 26589);
data.setCell(16, 0, 16)
data.setCell(16, 1, 'tc_03_validateCreatAccountFunctionality')
data.setCell(16, 2, 'testCaseBestBuy.TC_03_CreatAccountFunctionality')
data.setCell(16, 3, 26044);
data.setCell(17, 0, 17)
data.setCell(17, 1, 'tc_03_validateCreatAccountFunctionality')
data.setCell(17, 2, 'testCaseBestBuy.TC_03_CreatAccountFunctionality')
data.setCell(17, 3, 25608);
data.setCell(18, 0, 18)
data.setCell(18, 1, 'tc_03_validateCreatAccountFunctionality')
data.setCell(18, 2, 'testCaseBestBuy.TC_03_CreatAccountFunctionality')
data.setCell(18, 3, 25361);
data.setCell(19, 0, 19)
data.setCell(19, 1, 'tc_03_validateCreatAccountFunctionality')
data.setCell(19, 2, 'testCaseBestBuy.TC_03_CreatAccountFunctionality')
data.setCell(19, 3, 24699);
data.setCell(20, 0, 20)
data.setCell(20, 1, 'tc_02_validateUrlIsNotBroken')
data.setCell(20, 2, 'testCaseBestBuy.TC_02_ValidateUrlIsNotBroken')
data.setCell(20, 3, 23346);
data.setCell(21, 0, 21)
data.setCell(21, 1, 'tc_04_CheckTitleOfAllMenu')
data.setCell(21, 2, 'testCaseBestBuy.TC_04_CheckTitleOfAllMenu')
data.setCell(21, 3, 18196);
data.setCell(22, 0, 22)
data.setCell(22, 1, 'tc_01_navgatingToBestBestApp')
data.setCell(22, 2, 'testCaseBestBuy.TC_01_navgatingToBestBestApp')
data.setCell(22, 3, 3507);
data.setCell(23, 0, 23)
data.setCell(23, 1, 'tc_04_CheckTitleOfAllMenu')
data.setCell(23, 2, 'testCaseBestBuy.TC_04_CheckTitleOfAllMenu')
data.setCell(23, 3, 0);
data.setCell(24, 0, 24)
data.setCell(24, 1, 'tc_04_CheckTitleOfAllMenu')
data.setCell(24, 2, 'testCaseBestBuy.TC_04_CheckTitleOfAllMenu')
data.setCell(24, 3, 0);
data.setCell(25, 0, 25)
data.setCell(25, 1, 'tc_04_CheckTitleOfAllMenu')
data.setCell(25, 2, 'testCaseBestBuy.TC_04_CheckTitleOfAllMenu')
data.setCell(25, 3, 0);
data.setCell(26, 0, 26)
data.setCell(26, 1, 'tc_04_CheckTitleOfAllMenu')
data.setCell(26, 2, 'testCaseBestBuy.TC_04_CheckTitleOfAllMenu')
data.setCell(26, 3, 0);
data.setCell(27, 0, 27)
data.setCell(27, 1, 'tc_04_CheckTitleOfAllMenu')
data.setCell(27, 2, 'testCaseBestBuy.TC_04_CheckTitleOfAllMenu')
data.setCell(27, 3, 0);
data.setCell(28, 0, 28)
data.setCell(28, 1, 'tc_04_CheckTitleOfAllMenu')
data.setCell(28, 2, 'testCaseBestBuy.TC_04_CheckTitleOfAllMenu')
data.setCell(28, 3, 0);
data.setCell(29, 0, 29)
data.setCell(29, 1, 'tc_04_CheckTitleOfAllMenu')
data.setCell(29, 2, 'testCaseBestBuy.TC_04_CheckTitleOfAllMenu')
data.setCell(29, 3, 0);
data.setCell(30, 0, 30)
data.setCell(30, 1, 'tc_04_CheckTitleOfAllMenu')
data.setCell(30, 2, 'testCaseBestBuy.TC_04_CheckTitleOfAllMenu')
data.setCell(30, 3, 0);
window.suiteTableData['Automation_Suite']= { tableData: data, tableDiv: 'times-div-Automation_Suite'}
return data;
}
              </script>
              <span class="suite-total-time">Total running time: 13 minutes</span>
              <div id="times-div-Automation_Suite">
              </div> <!-- times-div-Automation_Suite -->
            </div> <!-- times-div -->
          </div> <!-- main-panel-content rounded-window-bottom -->
        </div> <!-- panel -->
        <div panel-name="reporter-Automation_Suite" class="panel">
          <div class="main-panel-header rounded-window-top">
            <span class="header-content">Reporter output for Automation Suite</span>
          </div> <!-- main-panel-header rounded-window-top -->
          <div class="main-panel-content rounded-window-bottom">
          </div> <!-- main-panel-content rounded-window-bottom -->
        </div> <!-- panel -->
        <div panel-name="ignored-methods-Automation_Suite" class="panel">
          <div class="main-panel-header rounded-window-top">
            <span class="header-content">18 ignored methods</span>
          </div> <!-- main-panel-header rounded-window-top -->
          <div class="main-panel-content rounded-window-bottom">
            <div class="ignored-class-div">
              <span class="ignored-class-name">testCaseBestBuy.TC_05_ValidateLinkInBottomOfHomePage</span>
              <div class="ignored-methods-div">
                <span class="ignored-method-name">setUpSuite</span>
                <br/>
                <span class="ignored-method-name">tearDownSuite</span>
                <br/>
              </div> <!-- ignored-methods-div -->
            </div> <!-- ignored-class-div -->
            <div class="ignored-class-div">
              <span class="ignored-class-name">testCaseBestBuy.TC_07_SelAddItemShopByDeptMenu</span>
              <div class="ignored-methods-div">
                <span class="ignored-method-name">tearDownSuite</span>
                <br/>
                <span class="ignored-method-name">setUpSuite</span>
                <br/>
              </div> <!-- ignored-methods-div -->
            </div> <!-- ignored-class-div -->
            <div class="ignored-class-div">
              <span class="ignored-class-name">testCaseBestBuy.TC_08_SelAddItemShopByBrandMenu</span>
              <div class="ignored-methods-div">
                <span class="ignored-method-name">setUpSuite</span>
                <br/>
                <span class="ignored-method-name">tearDownSuite</span>
                <br/>
              </div> <!-- ignored-methods-div -->
            </div> <!-- ignored-class-div -->
            <div class="ignored-class-div">
              <span class="ignored-class-name">testCaseBestBuy.TC_06_SearchAddItemInCart</span>
              <div class="ignored-methods-div">
                <span class="ignored-method-name">tearDownSuite</span>
                <br/>
                <span class="ignored-method-name">setUpSuite</span>
                <br/>
              </div> <!-- ignored-methods-div -->
            </div> <!-- ignored-class-div -->
            <div class="ignored-class-div">
              <span class="ignored-class-name">testCaseBestBuy.TC_02_ValidateUrlIsNotBroken</span>
              <div class="ignored-methods-div">
                <span class="ignored-method-name">setUpSuite</span>
                <br/>
                <span class="ignored-method-name">tearDownSuite</span>
                <br/>
              </div> <!-- ignored-methods-div -->
            </div> <!-- ignored-class-div -->
            <div class="ignored-class-div">
              <span class="ignored-class-name">testCaseBestBuy.TC_04_CheckTitleOfAllMenu</span>
              <div class="ignored-methods-div">
                <span class="ignored-method-name">tearDownSuite</span>
                <br/>
                <span class="ignored-method-name">setUpSuite</span>
                <br/>
              </div> <!-- ignored-methods-div -->
            </div> <!-- ignored-class-div -->
            <div class="ignored-class-div">
              <span class="ignored-class-name">testCaseBestBuy.TC_09_CheckOutPageFilling</span>
              <div class="ignored-methods-div">
                <span class="ignored-method-name">setUpSuite</span>
                <br/>
                <span class="ignored-method-name">tearDownSuite</span>
                <br/>
              </div> <!-- ignored-methods-div -->
            </div> <!-- ignored-class-div -->
            <div class="ignored-class-div">
              <span class="ignored-class-name">testCaseBestBuy.TC_03_CreatAccountFunctionality</span>
              <div class="ignored-methods-div">
                <span class="ignored-method-name">setUpSuite</span>
                <br/>
                <span class="ignored-method-name">tearDownSuite</span>
                <br/>
              </div> <!-- ignored-methods-div -->
            </div> <!-- ignored-class-div -->
            <div class="ignored-class-div">
              <span class="ignored-class-name">testCaseBestBuy.TC_03_SignInFunctionality</span>
              <div class="ignored-methods-div">
                <span class="ignored-method-name">setUpSuite</span>
                <br/>
                <span class="ignored-method-name">tearDownSuite</span>
                <br/>
              </div> <!-- ignored-methods-div -->
            </div> <!-- ignored-class-div -->
          </div> <!-- main-panel-content rounded-window-bottom -->
        </div> <!-- panel -->
        <div panel-name="chronological-Automation_Suite" class="panel">
          <div class="main-panel-header rounded-window-top">
            <span class="header-content">Methods in chronological order</span>
          </div> <!-- main-panel-header rounded-window-top -->
          <div class="main-panel-content rounded-window-bottom">
            <div class="chronological-class">
              <div class="chronological-class-name">testCaseBestBuy.TC_01_navgatingToBestBestApp</div> <!-- chronological-class-name -->
              <div class="configuration-suite before">
                <span class="method-name">setUpSuite</span>
                <span class="method-start">0 ms</span>
              </div> <!-- configuration-suite before -->
              <div class="configuration-method before">
                <span class="method-name">setUp</span>
                <span class="method-start">75 ms</span>
              </div> <!-- configuration-method before -->
              <div class="configuration-method before">
                <span class="method-name">setup</span>
                <span class="method-start">4398 ms</span>
              </div> <!-- configuration-method before -->
              <div class="test-method">
                <span class="method-name">tc_01_navgatingToBestBestApp</span>
                <span class="method-start">4401 ms</span>
              </div> <!-- test-method -->
              <div class="configuration-method after">
                <span class="method-name">tearDown</span>
                <span class="method-start">7912 ms</span>
              </div> <!-- configuration-method after -->
            </div> <!-- chronological-class -->
            <div class="chronological-class">
              <div class="chronological-class-name">testCaseBestBuy.TC_02_ValidateUrlIsNotBroken</div> <!-- chronological-class-name -->
              <div class="configuration-method before">
                <span class="method-name">setUp</span>
                <span class="method-start">7998 ms</span>
              </div> <!-- configuration-method before -->
              <div class="configuration-method before">
                <span class="method-name">setup</span>
                <span class="method-start">11907 ms</span>
              </div> <!-- configuration-method before -->
              <div class="test-method">
                <span class="method-name">tc_02_validateUrlIsNotBroken</span>
                <span class="method-start">11910 ms</span>
              </div> <!-- test-method -->
              <div class="configuration-method after">
                <span class="method-name">tearDown</span>
                <span class="method-start">35259 ms</span>
              </div> <!-- configuration-method after -->
            </div> <!-- chronological-class -->
            <div class="chronological-class">
              <div class="chronological-class-name">testCaseBestBuy.TC_03_CreatAccountFunctionality</div> <!-- chronological-class-name -->
              <div class="configuration-class before">
                <span class="method-name">setupClass</span>
                <span class="method-start">35351 ms</span>
              </div> <!-- configuration-class before -->
              <div class="configuration-method before">
                <span class="method-name">setUp</span>
                <span class="method-start">35548 ms</span>
              </div> <!-- configuration-method before -->
              <div class="configuration-method before">
                <span class="method-name">setup</span>
                <span class="method-start">39728 ms</span>
              </div> <!-- configuration-method before -->
              <div class="test-method">
                <span class="method-name">tc_03_validateCreatAccountFunctionality(test, , vino18493@gmail.com, testingtesting, testingtesting, 9.87654321E9, //p[text()='Please enter ...)</span>
                <span class="method-start">39729 ms</span>
              </div> <!-- test-method -->
              <div class="configuration-method after">
                <span class="method-name">tearDown</span>
                <span class="method-start">65337 ms</span>
              </div> <!-- configuration-method after -->
              <div class="configuration-method before">
                <span class="method-name">setUp</span>
                <span class="method-start">65454 ms</span>
              </div> <!-- configuration-method before -->
              <div class="configuration-method before">
                <span class="method-name">setup</span>
                <span class="method-start">70534 ms</span>
              </div> <!-- configuration-method before -->
              <div class="test-method">
                <span class="method-name">tc_03_validateCreatAccountFunctionality(, t, vino18493@gmail.com, testingtesting, testingtesting, 9.87654321E9, //p[text()='Please enter you...)</span>
                <span class="method-start">70534 ms</span>
              </div> <!-- test-method -->
              <div class="configuration-method after">
                <span class="method-name">tearDown</span>
                <span class="method-start">98934 ms</span>
              </div> <!-- configuration-method after -->
              <div class="configuration-method before">
                <span class="method-name">setUp</span>
                <span class="method-start">99053 ms</span>
              </div> <!-- configuration-method before -->
              <div class="configuration-method before">
                <span class="method-name">setup</span>
                <span class="method-start">103633 ms</span>
              </div> <!-- configuration-method before -->
              <div class="test-method">
                <span class="method-name">tc_03_validateCreatAccountFunctionality(test, t, vino18493.com, testingtesting, testingtesting, 9.87654321E9, //p[text()='Please enter a val...)</span>
                <span class="method-start">103635 ms</span>
              </div> <!-- test-method -->
              <div class="configuration-method after">
                <span class="method-name">tearDown</span>
                <span class="method-start">128335 ms</span>
              </div> <!-- configuration-method after -->
              <div class="configuration-method before">
                <span class="method-name">setUp</span>
                <span class="method-start">128445 ms</span>
              </div> <!-- configuration-method before -->
              <div class="configuration-method before">
                <span class="method-name">setup</span>
                <span class="method-start">133097 ms</span>
              </div> <!-- configuration-method before -->
              <div class="test-method">
                <span class="method-name">tc_03_validateCreatAccountFunctionality(test, t, vino18493@gmail.com, test, test, 9.87654321E9, //p[text()='Please enter a strong password.'...)</span>
                <span class="method-start">133098 ms</span>
              </div> <!-- test-method -->
              <div class="configuration-method after">
                <span class="method-name">tearDown</span>
                <span class="method-start">160584 ms</span>
              </div> <!-- configuration-method after -->
              <div class="configuration-method before">
                <span class="method-name">setUp</span>
                <span class="method-start">160715 ms</span>
              </div> <!-- configuration-method before -->
              <div class="configuration-method before">
                <span class="method-name">setup</span>
                <span class="method-start">165359 ms</span>
              </div> <!-- configuration-method before -->
              <div class="test-method">
                <span class="method-name">tc_03_validateCreatAccountFunctionality(test, t, vino18493@gmail.com, , testingtesting, 9.87654321E9, //p[text()='Passwords do not match.'],...)</span>
                <span class="method-start">165367 ms</span>
              </div> <!-- test-method -->
              <div class="configuration-method after">
                <span class="method-name">tearDown</span>
                <span class="method-start">190728 ms</span>
              </div> <!-- configuration-method after -->
              <div class="configuration-method before">
                <span class="method-name">setUp</span>
                <span class="method-start">190844 ms</span>
              </div> <!-- configuration-method before -->
              <div class="configuration-method before">
                <span class="method-name">setup</span>
                <span class="method-start">195584 ms</span>
              </div> <!-- configuration-method before -->
              <div class="test-method">
                <span class="method-name">tc_03_validateCreatAccountFunctionality(test, t, vino18493@gmail.com, testingtesting, , 9.87654321E9, //p[text()='Passwords do not match.'],...)</span>
                <span class="method-start">195585 ms</span>
              </div> <!-- test-method -->
              <div class="configuration-method after">
                <span class="method-name">tearDown</span>
                <span class="method-start">221630 ms</span>
              </div> <!-- configuration-method after -->
              <div class="configuration-method before">
                <span class="method-name">setUp</span>
                <span class="method-start">221746 ms</span>
              </div> <!-- configuration-method before -->
              <div class="configuration-method before">
                <span class="method-name">setup</span>
                <span class="method-start">226449 ms</span>
              </div> <!-- configuration-method before -->
              <div class="test-method">
                <span class="method-name">tc_03_validateCreatAccountFunctionality(test, t, vino18493@gmail.com, , , 9.87654321E9, //p[text()='Please enter a strong password.'], Pleas...)</span>
                <span class="method-start">226450 ms</span>
              </div> <!-- test-method -->
              <div class="configuration-method after">
                <span class="method-name">tearDown</span>
                <span class="method-start">254858 ms</span>
              </div> <!-- configuration-method after -->
              <div class="configuration-method before">
                <span class="method-name">setUp</span>
                <span class="method-start">254977 ms</span>
              </div> <!-- configuration-method before -->
              <div class="configuration-method before">
                <span class="method-name">setup</span>
                <span class="method-start">259618 ms</span>
              </div> <!-- configuration-method before -->
              <div class="test-method">
                <span class="method-name">tc_03_validateCreatAccountFunctionality(test, t, vino18493@gmail.com, testingtesting, testingtesting, 987654321, //p[text()='Please enter a ...)</span>
                <span class="method-start">259620 ms</span>
              </div> <!-- test-method -->
              <div class="configuration-method after">
                <span class="method-name">tearDown</span>
                <span class="method-start">286296 ms</span>
              </div> <!-- configuration-method after -->
              <div class="configuration-method before">
                <span class="method-name">setUp</span>
                <span class="method-start">286412 ms</span>
              </div> <!-- configuration-method before -->
              <div class="test-method">
                <span class="method-name">tc_03_validateCreatAccountFunctionality(test, t, vino18493@gmail.com, testingtesting, testingtesting, 98765qwert, //p[text()='Please enter a...)</span>
                <span class="method-start">291057 ms</span>
              </div> <!-- test-method -->
              <div class="configuration-method before">
                <span class="method-name">setup</span>
                <span class="method-start">291057 ms</span>
              </div> <!-- configuration-method before -->
              <div class="configuration-method after">
                <span class="method-name">tearDown</span>
                <span class="method-start">317646 ms</span>
              </div> <!-- configuration-method after -->
              <div class="configuration-method before">
                <span class="method-name">setUp</span>
                <span class="method-start">317765 ms</span>
              </div> <!-- configuration-method before -->
              <div class="configuration-method before">
                <span class="method-name">setup</span>
                <span class="method-start">322507 ms</span>
              </div> <!-- configuration-method before -->
              <div class="test-method">
                <span class="method-name">tc_03_validateCreatAccountFunctionality(test, t, vino18493@gmail.com, testingtesting, testingtesting, qwertyuiop, //p[text()='Please enter a...)</span>
                <span class="method-start">322508 ms</span>
              </div> <!-- test-method -->
              <div class="configuration-method after">
                <span class="method-name">tearDown</span>
                <span class="method-start">349901 ms</span>
              </div> <!-- configuration-method after -->
              <div class="configuration-method before">
                <span class="method-name">setUp</span>
                <span class="method-start">350019 ms</span>
              </div> <!-- configuration-method before -->
              <div class="configuration-method before">
                <span class="method-name">setup</span>
                <span class="method-start">354733 ms</span>
              </div> <!-- configuration-method before -->
              <div class="test-method">
                <img src="failed.png">
                </img>
                <span class="method-name">tc_03_validateCreatAccountFunctionality(test, t, vino18493@gmail.com, testingtesting, testingtesting, 9876543210, //strong[text()='Sorry, th...)</span>
                <span class="method-start">354734 ms</span>
              </div> <!-- test-method -->
              <div class="configuration-method after">
                <img src="failed.png">
                </img>
                <span class="method-name">tearDown</span>
                <span class="method-start">392075 ms</span>
              </div> <!-- configuration-method after -->
            </div> <!-- chronological-class -->
            <div class="chronological-class">
              <div class="chronological-class-name">testCaseBestBuy.TC_03_SignInFunctionality</div> <!-- chronological-class-name -->
              <div class="configuration-class before">
                <span class="method-name">setupClass</span>
                <span class="method-start">392076 ms</span>
              </div> <!-- configuration-class before -->
              <div class="configuration-method before">
                <span class="method-name">setUp</span>
                <span class="method-start">392092 ms</span>
              </div> <!-- configuration-method before -->
              <div class="test-method">
                <img src="failed.png">
                </img>
                <span class="method-name">tc_03_SignInFunctionality(vino184@gmail.com, testing, //strong//div, We didn't find an account with that email address. Would ...)</span>
                <span class="method-start">392092 ms</span>
              </div> <!-- test-method -->
              <div class="configuration-method before">
                <span class="method-name">setup</span>
                <span class="method-start">392092 ms</span>
              </div> <!-- configuration-method before -->
              <div class="configuration-method after">
                <span class="method-name">tearDown</span>
                <span class="method-start">435226 ms</span>
              </div> <!-- configuration-method after -->
              <div class="configuration-method before">
                <span class="method-name">setUp</span>
                <span class="method-start">435352 ms</span>
              </div> <!-- configuration-method before -->
              <div class="configuration-method before">
                <span class="method-name">setup</span>
                <span class="method-start">439763 ms</span>
              </div> <!-- configuration-method before -->
              <div class="test-method">
                <img src="failed.png">
                </img>
                <span class="method-name">tc_03_SignInFunctionality(vino18493@gmail.com, teting, //div[text()='The password was incorrect. Please try again.'], The pass...)</span>
                <span class="method-start">439764 ms</span>
              </div> <!-- test-method -->
              <div class="configuration-method after">
                <span class="method-name">tearDown</span>
                <span class="method-start">480549 ms</span>
              </div> <!-- configuration-method after -->
              <div class="configuration-method before">
                <span class="method-name">setUp</span>
                <span class="method-start">480680 ms</span>
              </div> <!-- configuration-method before -->
              <div class="configuration-method before">
                <span class="method-name">setup</span>
                <span class="method-start">485174 ms</span>
              </div> <!-- configuration-method before -->
              <div class="test-method">
                <img src="failed.png">
                </img>
                <span class="method-name">tc_03_SignInFunctionality(vino184@gmail.com, testingtesting, //div[text()='Sorry, something went wrong. Please try again.'], S...)</span>
                <span class="method-start">485175 ms</span>
              </div> <!-- test-method -->
              <div class="configuration-method after">
                <span class="method-name">tearDown</span>
                <span class="method-start">527966 ms</span>
              </div> <!-- configuration-method after -->
              <div class="configuration-method before">
                <span class="method-name">setUp</span>
                <span class="method-start">528098 ms</span>
              </div> <!-- configuration-method before -->
              <div class="configuration-method before">
                <span class="method-name">setup</span>
                <span class="method-start">532532 ms</span>
              </div> <!-- configuration-method before -->
              <div class="test-method">
                <img src="failed.png">
                </img>
                <span class="method-name">tc_03_SignInFunctionality(vino18493@gmail.com, testingtesting, //span[text()='Hi, Test'], Hi, Test)</span>
                <span class="method-start">532534 ms</span>
              </div> <!-- test-method -->
              <div class="configuration-method after">
                <span class="method-name">tearDown</span>
                <span class="method-start">573337 ms</span>
              </div> <!-- configuration-method after -->
            </div> <!-- chronological-class -->
            <div class="chronological-class">
              <div class="chronological-class-name">testCaseBestBuy.TC_04_CheckTitleOfAllMenu</div> <!-- chronological-class-name -->
              <div class="configuration-class before">
                <span class="method-name">setupClass</span>
                <span class="method-start">573469 ms</span>
              </div> <!-- configuration-class before -->
              <div class="configuration-method before">
                <span class="method-name">setUp</span>
                <span class="method-start">573481 ms</span>
              </div> <!-- configuration-method before -->
              <div class="configuration-method before">
                <span class="method-name">setup</span>
                <span class="method-start">577779 ms</span>
              </div> <!-- configuration-method before -->
              <div class="test-method">
                <img src="failed.png">
                </img>
                <span class="method-name">tc_04_CheckTitleOfAllMenu(Top Deals, Top Deals and Featured Offers on Electronics - Best Buy)</span>
                <span class="method-start">577780 ms</span>
              </div> <!-- test-method -->
              <div class="configuration-method after">
                <img src="failed.png">
                </img>
                <span class="method-name">tearDown</span>
                <span class="method-start">595976 ms</span>
              </div> <!-- configuration-method after -->
              <div class="configuration-method before">
                <span class="method-name">setUp</span>
                <span class="method-start">595977 ms</span>
              </div> <!-- configuration-method before -->
              <div class="configuration-method before">
                <span class="method-name">setup</span>
                <span class="method-start">595977 ms</span>
              </div> <!-- configuration-method before -->
              <div class="test-method">
                <span class="method-name">tc_04_CheckTitleOfAllMenu(Deal of the Day, Deal of the Day: Electronics Deals - Best Buy)</span>
                <span class="method-start">595978 ms</span>
              </div> <!-- test-method -->
              <div class="configuration-method before">
                <span class="method-name">setUp</span>
                <span class="method-start">595979 ms</span>
              </div> <!-- configuration-method before -->
              <div class="configuration-method before">
                <span class="method-name">setup</span>
                <span class="method-start">595979 ms</span>
              </div> <!-- configuration-method before -->
              <div class="test-method">
                <span class="method-name">tc_04_CheckTitleOfAllMenu(Totaltech Membership, Best Buy Totaltech™ – Best Buy)</span>
                <span class="method-start">595979 ms</span>
              </div> <!-- test-method -->
              <div class="configuration-method after">
                <span class="method-name">tearDown</span>
                <span class="method-start">595979 ms</span>
              </div> <!-- configuration-method after -->
              <div class="configuration-method after">
                <span class="method-name">tearDown</span>
                <span class="method-start">595980 ms</span>
              </div> <!-- configuration-method after -->
              <div class="configuration-method before">
                <span class="method-name">setUp</span>
                <span class="method-start">595980 ms</span>
              </div> <!-- configuration-method before -->
              <div class="test-method">
                <span class="method-name">tc_04_CheckTitleOfAllMenu(Credit Cards, Best Buy Credit Card: Rewards & Financing)</span>
                <span class="method-start">595980 ms</span>
              </div> <!-- test-method -->
              <div class="configuration-method before">
                <span class="method-name">setup</span>
                <span class="method-start">595980 ms</span>
              </div> <!-- configuration-method before -->
              <div class="configuration-method before">
                <span class="method-name">setup</span>
                <span class="method-start">595981 ms</span>
              </div> <!-- configuration-method before -->
              <div class="configuration-method after">
                <span class="method-name">tearDown</span>
                <span class="method-start">595981 ms</span>
              </div> <!-- configuration-method after -->
              <div class="test-method">
                <span class="method-name">tc_04_CheckTitleOfAllMenu(Gift Cards, Gifts Cards and E-Gift Cards - Best Buy)</span>
                <span class="method-start">595981 ms</span>
              </div> <!-- test-method -->
              <div class="configuration-method before">
                <span class="method-name">setUp</span>
                <span class="method-start">595981 ms</span>
              </div> <!-- configuration-method before -->
              <div class="configuration-method after">
                <span class="method-name">tearDown</span>
                <span class="method-start">595981 ms</span>
              </div> <!-- configuration-method after -->
              <div class="configuration-method before">
                <span class="method-name">setUp</span>
                <span class="method-start">595982 ms</span>
              </div> <!-- configuration-method before -->
              <div class="configuration-method after">
                <span class="method-name">tearDown</span>
                <span class="method-start">595982 ms</span>
              </div> <!-- configuration-method after -->
              <div class="configuration-method before">
                <span class="method-name">setup</span>
                <span class="method-start">595982 ms</span>
              </div> <!-- configuration-method before -->
              <div class="test-method">
                <span class="method-name">tc_04_CheckTitleOfAllMenu(Gift Ideas, Gift Ideas 2023: Best Gifts to Give This Year - Best Buy)</span>
                <span class="method-start">595982 ms</span>
              </div> <!-- test-method -->
              <div class="test-method">
                <span class="method-name">tc_04_CheckTitleOfAllMenu(Health & Wellness, Health & Wellness Solutions & Technology - Best Buy)</span>
                <span class="method-start">595983 ms</span>
              </div> <!-- test-method -->
              <div class="configuration-method before">
                <span class="method-name">setup</span>
                <span class="method-start">595983 ms</span>
              </div> <!-- configuration-method before -->
              <div class="configuration-method before">
                <span class="method-name">setUp</span>
                <span class="method-start">595983 ms</span>
              </div> <!-- configuration-method before -->
              <div class="configuration-method before">
                <span class="method-name">setUp</span>
                <span class="method-start">595983 ms</span>
              </div> <!-- configuration-method before -->
              <div class="configuration-method after">
                <span class="method-name">tearDown</span>
                <span class="method-start">595983 ms</span>
              </div> <!-- configuration-method after -->
              <div class="test-method">
                <span class="method-name">tc_04_CheckTitleOfAllMenu(Best Buy Outlet, Best Buy Outlet: Clearance Electronics Outlet Store – Best Buy)</span>
                <span class="method-start">595984 ms</span>
              </div> <!-- test-method -->
              <div class="test-method">
                <span class="method-name">tc_04_CheckTitleOfAllMenu(Best Buy Business, Best Buy for Business - Best Buy)</span>
                <span class="method-start">595984 ms</span>
              </div> <!-- test-method -->
              <div class="configuration-method before">
                <span class="method-name">setup</span>
                <span class="method-start">595984 ms</span>
              </div> <!-- configuration-method before -->
              <div class="configuration-method after">
                <span class="method-name">tearDown</span>
                <span class="method-start">595984 ms</span>
              </div> <!-- configuration-method after -->
              <div class="configuration-method before">
                <span class="method-name">setUp</span>
                <span class="method-start">595984 ms</span>
              </div> <!-- configuration-method before -->
              <div class="configuration-method before">
                <span class="method-name">setup</span>
                <span class="method-start">595984 ms</span>
              </div> <!-- configuration-method before -->
              <div class="configuration-method after">
                <span class="method-name">tearDown</span>
                <span class="method-start">595985 ms</span>
              </div> <!-- configuration-method after -->
            </div> <!-- chronological-class -->
            <div class="chronological-class">
              <div class="chronological-class-name">testCaseBestBuy.TC_05_ValidateLinkInBottomOfHomePage</div> <!-- chronological-class-name -->
              <div class="test-method">
                <img src="failed.png">
                </img>
                <span class="method-name">tc_05_validateLinkInBottomOfHomePage</span>
                <span class="method-start">595985 ms</span>
              </div> <!-- test-method -->
              <div class="configuration-method before">
                <span class="method-name">setUp</span>
                <span class="method-start">595985 ms</span>
              </div> <!-- configuration-method before -->
              <div class="configuration-method before">
                <span class="method-name">setup</span>
                <span class="method-start">595985 ms</span>
              </div> <!-- configuration-method before -->
              <div class="configuration-method after">
                <span class="method-name">tearDown</span>
                <span class="method-start">639162 ms</span>
              </div> <!-- configuration-method after -->
            </div> <!-- chronological-class -->
            <div class="chronological-class">
              <div class="chronological-class-name">testCaseBestBuy.TC_06_SearchAddItemInCart</div> <!-- chronological-class-name -->
              <div class="configuration-method before">
                <span class="method-name">setUp</span>
                <span class="method-start">639338 ms</span>
              </div> <!-- configuration-method before -->
              <div class="configuration-method before">
                <span class="method-name">setup</span>
                <span class="method-start">645772 ms</span>
              </div> <!-- configuration-method before -->
              <div class="test-method">
                <img src="failed.png">
                </img>
                <span class="method-name">tc_06_SearchAddItemInCart</span>
                <span class="method-start">645773 ms</span>
              </div> <!-- test-method -->
              <div class="configuration-method after">
                <span class="method-name">tearDown</span>
                <span class="method-start">687491 ms</span>
              </div> <!-- configuration-method after -->
            </div> <!-- chronological-class -->
            <div class="chronological-class">
              <div class="chronological-class-name">testCaseBestBuy.TC_07_SelAddItemShopByDeptMenu</div> <!-- chronological-class-name -->
              <div class="configuration-method before">
                <span class="method-name">setUp</span>
                <span class="method-start">687640 ms</span>
              </div> <!-- configuration-method before -->
              <div class="configuration-method before">
                <span class="method-name">setup</span>
                <span class="method-start">692318 ms</span>
              </div> <!-- configuration-method before -->
              <div class="test-method">
                <img src="failed.png">
                </img>
                <span class="method-name">tc_07_selAddItemShopByDeptMenu</span>
                <span class="method-start">692320 ms</span>
              </div> <!-- test-method -->
              <div class="configuration-method after">
                <span class="method-name">tearDown</span>
                <span class="method-start">753616 ms</span>
              </div> <!-- configuration-method after -->
            </div> <!-- chronological-class -->
            <div class="chronological-class">
              <div class="chronological-class-name">testCaseBestBuy.TC_08_SelAddItemShopByBrandMenu</div> <!-- chronological-class-name -->
              <div class="configuration-method before">
                <span class="method-name">setUp</span>
                <span class="method-start">753740 ms</span>
              </div> <!-- configuration-method before -->
              <div class="configuration-method before">
                <span class="method-name">setup</span>
                <span class="method-start">758436 ms</span>
              </div> <!-- configuration-method before -->
              <div class="test-method">
                <img src="failed.png">
                </img>
                <span class="method-name">tc_08_selAddItemShopByBrandMenu</span>
                <span class="method-start">758439 ms</span>
              </div> <!-- test-method -->
              <div class="configuration-method after">
                <span class="method-name">tearDown</span>
                <span class="method-start">845983 ms</span>
              </div> <!-- configuration-method after -->
            </div> <!-- chronological-class -->
            <div class="chronological-class">
              <div class="chronological-class-name">testCaseBestBuy.TC_09_CheckOutPageFilling</div> <!-- chronological-class-name -->
              <div class="configuration-method before">
                <span class="method-name">setUp</span>
                <span class="method-start">846147 ms</span>
              </div> <!-- configuration-method before -->
              <div class="configuration-method before">
                <span class="method-name">setup</span>
                <span class="method-start">850772 ms</span>
              </div> <!-- configuration-method before -->
              <div class="test-method">
                <img src="failed.png">
                </img>
                <span class="method-name">tc_09_CheckOutPageFilling</span>
                <span class="method-start">850774 ms</span>
              </div> <!-- test-method -->
              <div class="configuration-method after">
                <span class="method-name">tearDown</span>
                <span class="method-start">890412 ms</span>
              </div> <!-- configuration-method after -->
            </div> <!-- chronological-class -->
            <div class="chronological-class">
              <div class="chronological-class-name">testCaseBestBuy.TC_01_navgatingToBestBestApp</div> <!-- chronological-class-name -->
              <div class="configuration-suite after">
                <span class="method-name">tearDownSuite</span>
                <span class="method-start">890563 ms</span>
              </div> <!-- configuration-suite after -->
          </div> <!-- main-panel-content rounded-window-bottom -->
        </div> <!-- panel -->
      </div> <!-- main-panel-root -->
    </div> <!-- wrapper -->
  </body>
<script type="text/javascript" src="testng-reports2.js"></script>
</html>
